Solution should be f(1,1)=-2 
  0 TAO,  Function value: 8.,  Residual: 14142.8 
  0 TAO,  Function value: -6.53791,  Residual: 525.159 
  1 TAO,  Function value: -2.14827,  Residual: 73.2884 
  2 TAO,  Function value: -1.9043,  Residual: 0.39542 
  3 TAO,  Function value: -1.96197,  Residual: 0.055129 
  4 TAO,  Function value: -1.99756,  Residual: 0.0202822 
  5 TAO,  Function value: -2.,  Residual: 0.00152479 
  6 TAO,  Function value: -2.,  Residual: 3.88379e-06 
  7 TAO,  Function value: -2.,  Residual: 3.76021e-10 
Tao Object: 1 MPI processes
  type: ipm
  KSP Object: 1 MPI processes
    type: preonly
    maximum iterations=10000, initial guess is zero
    tolerances:  relative=1e-05, absolute=1e-50, divergence=10000.
    left preconditioning
    using NONE norm type for convergence test
  PC Object: 1 MPI processes
    type: lu
      out-of-place factorization
      tolerance for zero pivot 2.22045e-14
      matrix ordering: nd
      factor fill ratio given 0., needed 0.
        Factored matrix follows:
          Mat Object: 1 MPI processes
            type: superlu
            rows=7, cols=7
            package used to perform factorization: superlu
            total: nonzeros=0, allocated nonzeros=0
            total number of mallocs used during MatSetValues calls =0
              SuperLU run parameters:
                Equil: NO
                ColPerm: 3
                IterRefine: 0
                SymmetricMode: NO
                DiagPivotThresh: 1.
                PivotGrowth: NO
                ConditionNumber: NO
                RowPerm: 0
                ReplaceTinyPivot: NO
                PrintStat: NO
                lwork: 0
    linear system matrix = precond matrix:
    Mat Object: 1 MPI processes
      type: seqaij
      rows=7, cols=7
      total: nonzeros=20, allocated nonzeros=20
      total number of mallocs used during MatSetValues calls =0
        not using I-node routines
  total KSP iterations: 16
  convergence tolerances: gatol=1e-08,   steptol=0.,   gttol=0.
  Residual in Function/Gradient:=3.76021e-10
  Objective value=-2.
  total number of iterations=8,                          (max: 200)
  total number of function/gradient evaluations=9,      (max: 500)
  total number of Hessian evaluations=9
  total number of constraint function evaluations=18
  Solution converged:    ||g(X)|| <= gatol
