  0  time        0  |x|    7.155  
  1  time  0.05955  |x|     6.97  
  2  time     0.12  |x|     6.77  
  3  time   0.1792  |x|    6.562  
  4  time   0.2371  |x|    6.352  
  5  time   0.2933  |x|    6.141  
  6  time   0.3549  |x|    5.905  
  7  time   0.4215  |x|    5.646  
  8  time   0.4928  |x|    5.366  
  9  time   0.5681  |x|    5.069  
 10  time   0.6465  |x|    4.761  
 11  time   0.7267  |x|    4.448  
 12  time   0.8078  |x|    4.138  
 13  time   0.8895  |x|    3.831  
 14  time   0.9729  |x|    3.526  
 15  time    1.062  |x|     3.21  
 16  time    1.158  |x|    2.882  
 17  time    1.261  |x|    2.546  
 18  time     1.37  |x|    2.205  
 19  time    1.488  |x|    1.861  
 20  time    1.613  |x|    1.872  
 21  time    1.747  |x|    1.902  
 22  time    1.888  |x|    1.926  
 23  time    2.033  |x|    1.945  
CONVERGED_TIME at time 2.03309 after 23 steps
