  0  time        0  |x|    7.155  
  1  time  0.02977  |x|    7.064  
  2  time  0.09235  |x|    6.863  
  3  time    0.152  |x|    6.659  
  4  time   0.2106  |x|    6.449  
  5  time   0.2676  |x|    6.238  
  6  time   0.3267  |x|    6.014  
  7  time   0.3912  |x|    5.764  
  8  time   0.4604  |x|    5.493  
  9  time    0.534  |x|    5.203  
 10  time   0.6111  |x|    4.899  
 11  time   0.6907  |x|    4.588  
 12  time   0.7715  |x|    4.276  
 13  time   0.8526  |x|    3.969  
 14  time   0.9355  |x|    3.662  
 15  time    1.022  |x|    3.352  
 16  time    1.115  |x|    3.029  
 17  time    1.214  |x|    2.696  
 18  time    1.321  |x|    2.357  
 19  time    1.435  |x|    2.014  
 20  time    1.556  |x|    1.857  
 21  time    1.687  |x|     1.89  
 22  time    1.825  |x|    1.916  
 23  time    1.969  |x|    1.937  
 24  time    2.116  |x|    1.953  
CONVERGED_TIME at time 2.11591 after 24 steps
