mu 1., steps 0, ftime 0.5
mu 1., steps 7, ftime 0.5
WARNING: Variable bounds have been set but will be ignored by cg algorithm
iter =   0, Function value: 0.0708569,  Residual: 0.00975176 
iter =   1, Function value: 0.000139769,  Residual: 0.00227634 
iter =   2, Function value: 5.1463e-05,  Residual: 0.00136342 
iter =   3, Function value: 1.99374e-05,  Residual: 0.000843447 
iter =   4, Function value: 7.83613e-06,  Residual: 0.000525139 
iter =   5, Function value: 3.12005e-06,  Residual: 0.000329844 
iter =   6, Function value: 1.2529e-06,  Residual: 0.000208992 
iter =   7, Function value: 5.04234e-07,  Residual: 0.000132522 
iter =   8, Function value: 2.0331e-07,  Residual: 8.40651e-05 
iter =   9, Function value: 8.214e-08,  Residual: 5.33035e-05 
iter =  10, Function value: 3.32965e-08,  Residual: 3.39752e-05 
iter =  11, Function value: 1.34847e-08,  Residual: 2.15704e-05 
iter =  12, Function value: 5.47713e-09,  Residual: 1.38033e-05 
iter =  13, Function value: 2.21466e-09,  Residual: 8.78536e-06 
iter =  14, Function value: 8.94622e-10,  Residual: 5.58799e-06 
iter =  15, Function value: 3.61094e-10,  Residual: 3.5559e-06 
iter =  16, Function value: 1.45481e-10,  Residual: 2.26219e-06 
iter =  17, Function value: 5.84613e-11,  Residual: 1.44176e-06 
iter =  18, Function value: 2.33469e-11,  Residual: 9.16907e-07 
iter =  19, Function value: 9.25494e-12,  Residual: 5.79354e-07 
iter =  20, Function value: 3.65339e-12,  Residual: 3.67736e-07 
iter =  21, Function value: 1.42473e-12,  Residual: 2.30777e-07 
iter =  22, Function value: 5.52321e-13,  Residual: 1.46079e-07 
iter =  23, Function value: 2.09821e-13,  Residual: 9.13774e-08 
Tao Object: 1 MPI processes
  type: cg
      CG Type: prp
      Gradient steps: 0
      Reset steps: 0
  TaoLineSearch Object: 1 MPI processes
    type: more-thuente
  Active Set subset type: subvec
  convergence tolerances: gatol=1e-13,   steptol=0.,   gttol=1e-05
  Residual in Function/Gradient:=9.13774e-08
  Objective value=2.09821e-13
  total number of iterations=23,                          (max: 2000)
  total number of function/gradient evaluations=69,      (max: 4000)
  Solution converged:    ||g(X)||/||g(X0)|| <= gttol
Vec Object: 1 MPI processes
  type: seq
1.
