mu 1., steps 0, ftime 0.5
mu 1., steps 7, ftime 0.5
  0 TAO, Function value: 0.0708569,  Residual: 0.00975169 
  1 TAO, Function value: 6.76914e-17,  Residual: 1.90123e-09 
Tao Object: 1 MPI processes
  type: tron
      Total PG its: 3,      PG tolerance: 0.001 
  TaoLineSearch Object: 1 MPI processes
    type: more-thuente
  KSP Object: 1 MPI processes
    type: stcg
  total KSP iterations: 1
  Active Set subset type: subvec
  convergence tolerances: gatol=1e-13,   steptol=0.,   gttol=1e-05
  Residual in Function/Gradient:=1.90123e-09
  Objective value=6.76914e-17
  total number of iterations=1,                          (max: 50)
  total number of gradient evaluations=3,                  max: 4000
  total number of function/gradient evaluations=12,      (max: 4000)
  total number of Hessian evaluations=1
  Solution converged:    ||g(X)||/||g(X0)|| <= gttol
Vec Object: 1 MPI processes
  type: seq
1.
