mu 1., steps 0, ftime 0.5
mu 1., steps 7, ftime 0.5
iter =   0, Function value: 0.0708569,  Residual: 0.00975169 
iter =   1, Function value: 5.20556e-14,  Residual: 4.39191e-08 
Tao Object: 1 MPI processes
  type: tron
      Total PG its: 3,      PG tolerance: 0.001 
  TaoLineSearch Object: 1 MPI processes
    type: more-thuente
  KSP Object: 1 MPI processes
    type: stcg
  total KSP iterations: 1
  Active Set subset type: subvec
  convergence tolerances: gatol=1e-13,   steptol=0.,   gttol=1e-05
  Residual in Function/Gradient:=4.39191e-08
  Objective value=5.20556e-14
  total number of iterations=1,                          (max: 50)
  total number of function/gradient evaluations=12,      (max: 4000)
  total number of Hessian evaluations=1
  Solution converged:    ||g(X)||/||g(X0)|| <= gttol
Vec Object: 1 MPI processes
  type: seq
0.999998
