mu 1., steps 0, ftime 0.5
mu 1., steps 7, ftime 0.5
WARNING: Variable bounds have been set but will be ignored by cg algorithm
iter =   0, Function value: 0.070862,  Residual: 0.00975314 
iter =   1, Function value: 0.000137517,  Residual: 0.00225647 
iter =   2, Function value: 5.12696e-05,  Residual: 0.00136255 
iter =   3, Function value: 1.98057e-05,  Residual: 0.000840019 
iter =   4, Function value: 7.77526e-06,  Residual: 0.000522906 
iter =   5, Function value: 3.08972e-06,  Residual: 0.00032891 
iter =   6, Function value: 1.23462e-06,  Residual: 0.000207195 
iter =   7, Function value: 4.96303e-07,  Residual: 0.000131173 
iter =   8, Function value: 2.00103e-07,  Residual: 8.32099e-05 
iter =   9, Function value: 8.08361e-08,  Residual: 5.28563e-05 
iter =  10, Function value: 3.26946e-08,  Residual: 3.36431e-05 
iter =  11, Function value: 1.32152e-08,  Residual: 2.14224e-05 
iter =  12, Function value: 5.33331e-09,  Residual: 1.35964e-05 
iter =  13, Function value: 2.15498e-09,  Residual: 8.64879e-06 
iter =  14, Function value: 8.70106e-10,  Residual: 5.50205e-06 
iter =  15, Function value: 3.50871e-10,  Residual: 3.51065e-06 
iter =  16, Function value: 1.40716e-10,  Residual: 2.22589e-06 
iter =  17, Function value: 5.63575e-11,  Residual: 1.41192e-06 
iter =  18, Function value: 2.25112e-11,  Residual: 8.97252e-07 
iter =  19, Function value: 8.93441e-12,  Residual: 5.71539e-07 
iter =  20, Function value: 3.49985e-12,  Residual: 3.61046e-07 
iter =  21, Function value: 1.35577e-12,  Residual: 2.27409e-07 
iter =  22, Function value: 5.17588e-13,  Residual: 1.42156e-07 
iter =  23, Function value: 1.94745e-13,  Residual: 8.99801e-08 
Tao Object: 1 MPI processes
  type: cg
      CG Type: prp
      Gradient steps: 0
      Reset steps: 0
  TaoLineSearch Object: 1 MPI processes
    type: more-thuente
  Active Set subset type: subvec
  convergence tolerances: gatol=1e-13,   steptol=0.,   gttol=1e-05
  Residual in Function/Gradient:=8.99801e-08
  Objective value=1.94745e-13
  total number of iterations=23,                          (max: 2000)
  total number of function/gradient evaluations=69,      (max: 4000)
  Solution converged:    ||g(X)||/||g(X0)|| <= gttol
Vec Object: 1 MPI processes
  type: seq
1.
