  0 TAO, Function value: 0.0336267,  Residual: 0.327035 
  1 TAO, Function value: 7.58087e-06,  Residual: 0.00520016 
  2 TAO, Function value: 7.05054e-13,  Residual: 1.58445e-06 
  3 TAO, Function value: 5.86962e-27,  Residual: 0. 
Tao Object: 1 MPI processes
  type: tron
      Total PG its: 9,      PG tolerance: 0.001 
  TaoLineSearch Object: 1 MPI processes
    type: more-thuente
  KSP Object: 1 MPI processes
    type: stcg
  total KSP iterations: 3
  Active Set subset type: subvec
  convergence tolerances: gatol=1e-08,   steptol=0.,   gttol=0.
  Residual in Function/Gradient:=0.
  Objective value=5.86962e-27
  total number of iterations=3,                          (max: 50)
  total number of function/gradient evaluations=13,      (max: 4000)
  total number of Hessian evaluations=3
  Solution converged:    ||g(X)|| <= gatol
Vec Object: 1 MPI processes
  type: seq
1.
