SUCCESS
Species 0: CH4 0.0948178
Species 1: O2 0.189636
Species 2: N2 0.706766
Species 3: AR 0.00878027
      TSAdapt basic arkimex 0:4 step   0 accepted t=0          + 1.000e-10 dt=1.000e-09  wlte=8.96e-15  wltea=   -1 wlter=   -1
      TSAdapt basic arkimex 0:4 step   1 accepted t=1e-10      + 1.000e-09 dt=1.000e-08  wlte=7.55e-14  wltea=   -1 wlter=   -1
      TSAdapt basic arkimex 0:4 step   2 accepted t=1.1e-09    + 1.000e-08 dt=1.000e-07  wlte=5.87e-14  wltea=   -1 wlter=   -1
      TSAdapt basic arkimex 0:4 step   3 accepted t=1.11e-08   + 1.000e-07 dt=1.000e-06  wlte=1.54e-11  wltea=   -1 wlter=   -1
      TSAdapt basic arkimex 0:4 step   4 accepted t=1.111e-07  + 1.000e-06 dt=1.000e-05  wlte=2.04e-08  wltea=   -1 wlter=   -1
      TSAdapt basic arkimex 0:4 step   5 accepted t=1.1111e-06 + 1.000e-05 dt=1.000e-04  wlte=3.06e-07  wltea=   -1 wlter=   -1
      TSAdapt basic arkimex 0:4 step   6 accepted t=1.11111e-05+ 1.000e-04 dt=1.000e-04  wlte=1.09e-05  wltea=   -1 wlter=   -1
      TSAdapt basic arkimex 0:4 step   7 accepted t=0.000111111+ 1.000e-04 dt=1.000e-04  wlte=2.05e-05  wltea=   -1 wlter=   -1
      TSAdapt basic arkimex 0:4 step   8 accepted t=0.000211111+ 1.000e-04 dt=1.000e-04  wlte=1.62e-05  wltea=   -1 wlter=   -1
      TSAdapt basic arkimex 0:4 step   9 accepted t=0.000311111+ 1.000e-04 dt=1.000e-04  wlte=3.68e-06  wltea=   -1 wlter=   -1
      TSAdapt basic arkimex 0:4 step  10 accepted t=0.000411111+ 1.000e-04 dt=1.000e-04  wlte=6.97e-06  wltea=   -1 wlter=   -1
      TSAdapt basic arkimex 0:4 step  11 accepted t=0.000511111+ 1.000e-04 dt=1.000e-04  wlte=6.6e-06  wltea=   -1 wlter=   -1
      TSAdapt basic arkimex 0:4 step  12 accepted t=0.000611111+ 1.000e-04 dt=1.000e-04  wlte=1.29e-05  wltea=   -1 wlter=   -1
      TSAdapt basic arkimex 0:4 step  13 accepted t=0.000711111+ 1.000e-04 dt=1.000e-04  wlte=3.33e-05  wltea=   -1 wlter=   -1
      TSAdapt basic arkimex 0:4 step  14 accepted t=0.000811111+ 1.000e-04 dt=1.000e-04  wlte=0.000106  wltea=   -1 wlter=   -1
      TSAdapt basic arkimex 0:4 step  15 accepted t=0.000911111+ 1.000e-04 dt=1.000e-04  wlte=0.00064  wltea=   -1 wlter=   -1
      TSAdapt basic arkimex 0:4 step  16 accepted t=0.00101111 + 1.000e-04 dt=1.000e-04  wlte=0.0746  wltea=   -1 wlter=   -1
      TSAdapt basic step  17 stage rejected (DIVERGED_LINE_SEARCH) t=0.00111111 + 1.000e-04 retrying with dt=2.500e-05 
      TSAdapt basic arkimex 0:4 step  17 accepted t=0.00111111 + 2.500e-05 dt=2.500e-05  wlte=0.00151  wltea=   -1 wlter=   -1
      TSAdapt basic arkimex 0:4 step  18 accepted t=0.00113611 + 2.500e-05 dt=2.500e-05  wlte=0.0956  wltea=   -1 wlter=   -1
      TSAdapt basic step  19 stage rejected (DIVERGED_LINE_SEARCH) t=0.00116111 + 2.500e-05 retrying with dt=6.250e-06 
      TSAdapt basic arkimex 0:4 step  19 accepted t=0.00116111 + 6.250e-06 dt=6.250e-06  wlte=0.0117  wltea=   -1 wlter=   -1
      TSAdapt basic arkimex 0:4 step  20 accepted t=0.00116736 + 6.250e-06 dt=6.250e-06  wlte=0.613  wltea=   -1 wlter=   -1
      TSAdapt basic arkimex 0:4 step  21 rejected t=0.00117361 + 6.250e-06 dt=4.451e-06  wlte= 2.55  wltea=   -1 wlter=   -1
      TSAdapt basic arkimex 0:4 step  21 accepted t=0.00117361 + 4.451e-06 dt=4.451e-06  wlte=0.448  wltea=   -1 wlter=   -1
      TSAdapt basic arkimex 0:4 step  22 accepted t=0.00117806 + 4.451e-06 dt=4.451e-06  wlte=0.126  wltea=   -1 wlter=   -1
      TSAdapt basic arkimex 0:4 step  23 accepted t=0.00118251 + 4.451e-06 dt=4.451e-06  wlte=0.0198  wltea=   -1 wlter=   -1
      TSAdapt basic arkimex 0:4 step  24 accepted t=0.00118696 + 4.451e-06 dt=1.674e-05  wlte=0.00328  wltea=   -1 wlter=   -1
      TSAdapt basic arkimex 0:4 step  25 accepted t=0.00119141 + 1.674e-05 dt=4.004e-05  wlte= 0.02  wltea=   -1 wlter=   -1
      TSAdapt basic step  26 stage rejected (DIVERGED_LINE_SEARCH) t=0.00120815 + 4.004e-05 retrying with dt=1.001e-05 
      TSAdapt basic arkimex 0:4 step  26 accepted t=0.00120815 + 1.001e-05 dt=1.001e-05  wlte=0.000269  wltea=   -1 wlter=   -1
      TSAdapt basic arkimex 0:4 step  27 accepted t=0.00121816 + 1.001e-05 dt=1.001e-05  wlte=3.3e-05  wltea=   -1 wlter=   -1
      TSAdapt basic arkimex 0:4 step  28 accepted t=0.00122817 + 1.001e-05 dt=1.001e-05  wlte=2.49e-05  wltea=   -1 wlter=   -1
      TSAdapt basic arkimex 0:4 step  29 accepted t=0.00123818 + 1.001e-05 dt=1.001e-05  wlte=2.16e-05  wltea=   -1 wlter=   -1
      TSAdapt basic arkimex 0:4 step  30 accepted t=0.00124819 + 1.001e-05 dt=1.000e-04  wlte=1.81e-05  wltea=   -1 wlter=   -1
      TSAdapt basic step  31 stage rejected (DIVERGED_LINE_SEARCH) t=0.0012582  + 1.000e-04 retrying with dt=2.500e-05 
      TSAdapt basic arkimex 0:4 step  31 accepted t=0.0012582  + 2.500e-05 dt=2.500e-05  wlte=0.000268  wltea=   -1 wlter=   -1
      TSAdapt basic arkimex 0:4 step  32 accepted t=0.0012832  + 2.500e-05 dt=2.500e-05  wlte=0.00018  wltea=   -1 wlter=   -1
      TSAdapt basic arkimex 0:4 step  33 accepted t=0.0013082  + 2.500e-05 dt=2.500e-05  wlte=0.000121  wltea=   -1 wlter=   -1
      TSAdapt basic arkimex 0:4 step  34 accepted t=0.0013332  + 2.500e-05 dt=2.500e-05  wlte=8.24e-05  wltea=   -1 wlter=   -1
      TSAdapt basic arkimex 0:4 step  35 accepted t=0.0013582  + 2.500e-05 dt=1.000e-04  wlte=5.59e-05  wltea=   -1 wlter=   -1
      TSAdapt basic step  36 stage rejected (DIVERGED_LINE_SEARCH) t=0.0013832  + 1.000e-04 retrying with dt=2.500e-05 
      TSAdapt basic arkimex 0:4 step  36 accepted t=0.0013832  + 2.500e-05 dt=2.500e-05  wlte=3.76e-05  wltea=   -1 wlter=   -1
      TSAdapt basic arkimex 0:4 step  37 accepted t=0.0014082  + 2.500e-05 dt=2.500e-05  wlte=2.51e-05  wltea=   -1 wlter=   -1
      TSAdapt basic arkimex 0:4 step  38 accepted t=0.0014332  + 2.500e-05 dt=2.500e-05  wlte=1.66e-05  wltea=   -1 wlter=   -1
      TSAdapt basic arkimex 0:4 step  39 accepted t=0.0014582  + 2.500e-05 dt=2.500e-05  wlte=1.09e-05  wltea=   -1 wlter=   -1
      TSAdapt basic arkimex 0:4 step  40 accepted t=0.0014832  + 2.500e-05 dt=1.000e-04  wlte=7.21e-06  wltea=   -1 wlter=   -1
      TSAdapt basic step  41 stage rejected (DIVERGED_LINE_SEARCH) t=0.0015082  + 1.000e-04 retrying with dt=2.500e-05 
      TSAdapt basic arkimex 0:4 step  41 accepted t=0.0015082  + 2.500e-05 dt=2.500e-05  wlte=4.8e-06  wltea=   -1 wlter=   -1
      TSAdapt basic arkimex 0:4 step  42 accepted t=0.0015332  + 2.500e-05 dt=2.500e-05  wlte=3.28e-06  wltea=   -1 wlter=   -1
      TSAdapt basic arkimex 0:4 step  43 accepted t=0.0015582  + 2.500e-05 dt=2.500e-05  wlte=2.32e-06  wltea=   -1 wlter=   -1
      TSAdapt basic arkimex 0:4 step  44 accepted t=0.0015832  + 2.500e-05 dt=2.500e-05  wlte=1.72e-06  wltea=   -1 wlter=   -1
      TSAdapt basic arkimex 0:4 step  45 accepted t=0.0016082  + 2.500e-05 dt=1.000e-04  wlte=1.31e-06  wltea=   -1 wlter=   -1
      TSAdapt basic step  46 stage rejected (DIVERGED_LINE_SEARCH) t=0.0016332  + 1.000e-04 retrying with dt=2.500e-05 
      TSAdapt basic arkimex 0:4 step  46 accepted t=0.0016332  + 2.500e-05 dt=2.500e-05  wlte=1.06e-06  wltea=   -1 wlter=   -1
      TSAdapt basic arkimex 0:4 step  47 accepted t=0.0016582  + 2.500e-05 dt=2.500e-05  wlte=9.05e-07  wltea=   -1 wlter=   -1
      TSAdapt basic arkimex 0:4 step  48 accepted t=0.0016832  + 2.500e-05 dt=2.500e-05  wlte=7.21e-07  wltea=   -1 wlter=   -1
      TSAdapt basic arkimex 0:4 step  49 accepted t=0.0017082  + 2.500e-05 dt=2.500e-05  wlte=5.88e-07  wltea=   -1 wlter=   -1
      TSAdapt basic arkimex 0:4 step  50 accepted t=0.0017332  + 2.500e-05 dt=1.000e-04  wlte=5.06e-07  wltea=   -1 wlter=   -1
      TSAdapt basic step  51 stage rejected (DIVERGED_LINE_SEARCH) t=0.0017582  + 1.000e-04 retrying with dt=2.500e-05 
      TSAdapt basic arkimex 0:4 step  51 accepted t=0.0017582  + 2.500e-05 dt=2.500e-05  wlte=4.07e-07  wltea=   -1 wlter=   -1
      TSAdapt basic arkimex 0:4 step  52 accepted t=0.0017832  + 2.500e-05 dt=2.500e-05  wlte=3.25e-07  wltea=   -1 wlter=   -1
      TSAdapt basic arkimex 0:4 step  53 accepted t=0.0018082  + 2.500e-05 dt=2.500e-05  wlte=2.59e-07  wltea=   -1 wlter=   -1
      TSAdapt basic arkimex 0:4 step  54 accepted t=0.0018332  + 2.500e-05 dt=2.500e-05  wlte=2.45e-07  wltea=   -1 wlter=   -1
      TSAdapt basic arkimex 0:4 step  55 accepted t=0.0018582  + 2.500e-05 dt=1.000e-04  wlte=1.2e-07  wltea=   -1 wlter=   -1
      TSAdapt basic arkimex 0:4 step  56 accepted t=0.0018832  + 1.000e-04 dt=1.000e-04  wlte=2.13e-05  wltea=   -1 wlter=   -1
      TSAdapt basic arkimex 0:4 step  57 accepted t=0.0019832  + 1.000e-04 dt=1.000e-04  wlte=8.7e-06  wltea=   -1 wlter=   -1
      TSAdapt basic arkimex 0:4 step  58 accepted t=0.0020832  + 1.000e-04 dt=1.000e-04  wlte=3.58e-06  wltea=   -1 wlter=   -1
      TSAdapt basic arkimex 0:4 step  59 accepted t=0.0021832  + 1.000e-04 dt=1.000e-04  wlte=1.52e-06  wltea=   -1 wlter=   -1
      TSAdapt basic arkimex 0:4 step  60 accepted t=0.0022832  + 1.000e-04 dt=1.000e-04  wlte=6.55e-07  wltea=   -1 wlter=   -1
      TSAdapt basic step  61 stage rejected (DIVERGED_MAX_IT) t=0.0023832  + 1.000e-04 retrying with dt=2.500e-05 
      TSAdapt basic arkimex 0:4 step  61 accepted t=0.0023832  + 2.500e-05 dt=2.500e-05  wlte=6.16e-09  wltea=   -1 wlter=   -1
      TSAdapt basic arkimex 0:4 step  62 accepted t=0.0024082  + 2.500e-05 dt=2.500e-05  wlte=2.31e-08  wltea=   -1 wlter=   -1
      TSAdapt basic arkimex 0:4 step  63 accepted t=0.0024332  + 2.500e-05 dt=2.500e-05  wlte=2.36e-08  wltea=   -1 wlter=   -1
      TSAdapt basic arkimex 0:4 step  64 accepted t=0.0024582  + 2.500e-05 dt=2.500e-05  wlte=2.4e-08  wltea=   -1 wlter=   -1
      TSAdapt basic arkimex 0:4 step  65 accepted t=0.0024832  + 2.500e-05 dt=1.000e-04  wlte=2.36e-08  wltea=   -1 wlter=   -1
      TSAdapt basic step  66 stage rejected (DIVERGED_LINE_SEARCH) t=0.0025082  + 1.000e-04 retrying with dt=2.500e-05 
      TSAdapt basic arkimex 0:4 step  66 accepted t=0.0025082  + 2.500e-05 dt=2.500e-05  wlte=2.32e-08  wltea=   -1 wlter=   -1
      TSAdapt basic arkimex 0:4 step  67 accepted t=0.0025332  + 2.500e-05 dt=2.500e-05  wlte=2.28e-08  wltea=   -1 wlter=   -1
      TSAdapt basic arkimex 0:4 step  68 accepted t=0.0025582  + 2.500e-05 dt=2.500e-05  wlte=2.28e-08  wltea=   -1 wlter=   -1
      TSAdapt basic arkimex 0:4 step  69 accepted t=0.0025832  + 2.500e-05 dt=2.500e-05  wlte=2.26e-08  wltea=   -1 wlter=   -1
      TSAdapt basic arkimex 0:4 step  70 accepted t=0.0026082  + 2.500e-05 dt=1.000e-04  wlte=2.21e-08  wltea=   -1 wlter=   -1
      TSAdapt basic step  71 stage rejected (DIVERGED_LINE_SEARCH) t=0.0026332  + 1.000e-04 retrying with dt=2.500e-05 
      TSAdapt basic arkimex 0:4 step  71 accepted t=0.0026332  + 2.500e-05 dt=2.500e-05  wlte=2.19e-08  wltea=   -1 wlter=   -1
      TSAdapt basic arkimex 0:4 step  72 accepted t=0.0026582  + 2.500e-05 dt=2.500e-05  wlte=2.15e-08  wltea=   -1 wlter=   -1
      TSAdapt basic arkimex 0:4 step  73 accepted t=0.0026832  + 2.500e-05 dt=2.500e-05  wlte=2.12e-08  wltea=   -1 wlter=   -1
      TSAdapt basic arkimex 0:4 step  74 accepted t=0.0027082  + 2.500e-05 dt=2.500e-05  wlte=2.09e-08  wltea=   -1 wlter=   -1
      TSAdapt basic arkimex 0:4 step  75 accepted t=0.0027332  + 2.500e-05 dt=1.000e-04  wlte=2.04e-08  wltea=   -1 wlter=   -1
      TSAdapt basic step  76 stage rejected (DIVERGED_LINE_SEARCH) t=0.0027582  + 1.000e-04 retrying with dt=2.500e-05 
      TSAdapt basic arkimex 0:4 step  76 accepted t=0.0027582  + 2.500e-05 dt=2.500e-05  wlte=2.03e-08  wltea=   -1 wlter=   -1
      TSAdapt basic arkimex 0:4 step  77 accepted t=0.0027832  + 2.500e-05 dt=2.500e-05  wlte=2.01e-08  wltea=   -1 wlter=   -1
      TSAdapt basic arkimex 0:4 step  78 accepted t=0.0028082  + 2.500e-05 dt=2.500e-05  wlte=1.96e-08  wltea=   -1 wlter=   -1
      TSAdapt basic arkimex 0:4 step  79 accepted t=0.0028332  + 2.500e-05 dt=2.500e-05  wlte=1.93e-08  wltea=   -1 wlter=   -1
      TSAdapt basic arkimex 0:4 step  80 accepted t=0.0028582  + 2.500e-05 dt=1.000e-04  wlte=1.91e-08  wltea=   -1 wlter=   -1
      TSAdapt basic step  81 stage rejected (DIVERGED_MAX_IT) t=0.0028832  + 1.000e-04 retrying with dt=2.500e-05 
      TSAdapt basic arkimex 0:4 step  81 accepted t=0.0028832  + 2.500e-05 dt=2.500e-05  wlte=6.96e-08  wltea=   -1 wlter=   -1
      TSAdapt basic arkimex 0:4 step  82 accepted t=0.0029082  + 2.500e-05 dt=2.500e-05  wlte=4.24e-08  wltea=   -1 wlter=   -1
      TSAdapt basic arkimex 0:4 step  83 accepted t=0.0029332  + 2.500e-05 dt=2.500e-05  wlte=4.08e-08  wltea=   -1 wlter=   -1
      TSAdapt basic arkimex 0:4 step  84 accepted t=0.0029582  + 2.500e-05 dt=2.500e-05  wlte=3.89e-08  wltea=   -1 wlter=   -1
      TSAdapt basic arkimex 0:4 step  85 accepted t=0.0029832  + 2.500e-05 dt=1.000e-04  wlte=3.92e-08  wltea=   -1 wlter=   -1
      TSAdapt basic step  86 stage rejected (DIVERGED_MAX_IT) t=0.0030082  + 1.000e-04 retrying with dt=2.500e-05 
      TSAdapt basic arkimex 0:4 step  86 accepted t=0.0030082  + 2.500e-05 dt=2.500e-05  wlte=3.88e-08  wltea=   -1 wlter=   -1
      TSAdapt basic arkimex 0:4 step  87 accepted t=0.0030332  + 2.500e-05 dt=2.500e-05  wlte=3.82e-08  wltea=   -1 wlter=   -1
      TSAdapt basic arkimex 0:4 step  88 accepted t=0.0030582  + 2.500e-05 dt=2.500e-05  wlte=3.65e-08  wltea=   -1 wlter=   -1
      TSAdapt basic arkimex 0:4 step  89 accepted t=0.0030832  + 2.500e-05 dt=2.500e-05  wlte=8.12e-08  wltea=   -1 wlter=   -1
      TSAdapt basic arkimex 0:4 step  90 accepted t=0.0031082  + 2.500e-05 dt=1.000e-04  wlte=8.33e-08  wltea=   -1 wlter=   -1
      TSAdapt basic arkimex 0:4 step  91 accepted t=0.0031332  + 1.000e-04 dt=1.000e-04  wlte=1.83e-07  wltea=   -1 wlter=   -1
      TSAdapt basic arkimex 0:4 step  92 accepted t=0.0032332  + 1.000e-04 dt=1.000e-04  wlte=1.54e-07  wltea=   -1 wlter=   -1
      TSAdapt basic arkimex 0:4 step  93 accepted t=0.0033332  + 1.000e-04 dt=1.000e-04  wlte=1.46e-07  wltea=   -1 wlter=   -1
      TSAdapt basic arkimex 0:4 step  94 accepted t=0.0034332  + 1.000e-04 dt=1.000e-04  wlte=1.35e-07  wltea=   -1 wlter=   -1
      TSAdapt basic arkimex 0:4 step  95 accepted t=0.0035332  + 1.000e-04 dt=1.000e-04  wlte=1.25e-07  wltea=   -1 wlter=   -1
      TSAdapt basic arkimex 0:4 step  96 accepted t=0.0036332  + 1.000e-04 dt=1.000e-04  wlte=1.17e-07  wltea=   -1 wlter=   -1
      TSAdapt basic arkimex 0:4 step  97 accepted t=0.0037332  + 1.000e-04 dt=1.000e-04  wlte=1.09e-07  wltea=   -1 wlter=   -1
      TSAdapt basic arkimex 0:4 step  98 accepted t=0.0038332  + 1.000e-04 dt=1.000e-04  wlte=2.38e-07  wltea=   -1 wlter=   -1
      TSAdapt basic arkimex 0:4 step  99 accepted t=0.0039332  + 1.000e-04 dt=1.000e-04  wlte=1.87e-07  wltea=   -1 wlter=   -1
      TSAdapt basic arkimex 0:4 step 100 accepted t=0.0040332  + 1.000e-04 dt=1.000e-04  wlte=8.81e-08  wltea=   -1 wlter=   -1
      TSAdapt basic arkimex 0:4 step 101 accepted t=0.0041332  + 1.000e-04 dt=1.000e-04  wlte=8.28e-08  wltea=   -1 wlter=   -1
      TSAdapt basic arkimex 0:4 step 102 accepted t=0.0042332  + 1.000e-04 dt=1.000e-04  wlte=7.62e-08  wltea=   -1 wlter=   -1
      TSAdapt basic arkimex 0:4 step 103 accepted t=0.0043332  + 1.000e-04 dt=1.000e-04  wlte=7.29e-08  wltea=   -1 wlter=   -1
      TSAdapt basic arkimex 0:4 step 104 accepted t=0.0044332  + 1.000e-04 dt=1.000e-04  wlte=6.85e-08  wltea=   -1 wlter=   -1
      TSAdapt basic arkimex 0:4 step 105 accepted t=0.0045332  + 1.000e-04 dt=1.000e-04  wlte=2.15e-07  wltea=   -1 wlter=   -1
      TSAdapt basic arkimex 0:4 step 106 accepted t=0.0046332  + 1.000e-04 dt=1.000e-04  wlte=1.99e-07  wltea=   -1 wlter=   -1
      TSAdapt basic arkimex 0:4 step 107 accepted t=0.0047332  + 1.000e-04 dt=1.000e-04  wlte=1.81e-07  wltea=   -1 wlter=   -1
      TSAdapt basic arkimex 0:4 step 108 accepted t=0.0048332  + 1.000e-04 dt=1.000e-04  wlte=1.27e-07  wltea=   -1 wlter=   -1
      TSAdapt basic arkimex 0:4 step 109 accepted t=0.0049332  + 1.000e-04 dt=1.000e-04  wlte=1.24e-07  wltea=   -1 wlter=   -1
CONVERGED_TIME at time 0.0050332 after 110 steps
