lid velocity = 100., prandtl # = 1., grashof # = 13372.
  0 SNES Function norm 798.766 
  1 SNES Function norm 798.763 
  2 SNES Function norm 668.107 
  3 SNES Function norm 516.502 
  4 SNES Function norm 349.165 
  5 SNES Function norm 205.656 
  6 SNES Function norm 1.31362 
  7 SNES Function norm 0.00876002 
  8 SNES Function norm 8.84557e-08 
Nonlinear solve converged due to CONVERGED_FNORM_RELATIVE iterations 8
SNES Object: 1 MPI processes
  type: newtonls
  maximum iterations=50, maximum function evaluations=10000
  tolerances: relative=1e-08, absolute=1e-50, solution=1e-08
  total number of linear solver iterations=8
  total number of function evaluations=25
  norm schedule ALWAYS
  SNESLineSearch Object: 1 MPI processes
    type: bt
      interpolation: cubic
      alpha=1.000000e-04
    maxstep=1.000000e+08, minlambda=1.000000e-12
    tolerances: relative=1.000000e-08, absolute=1.000000e-15, lambda=1.000000e-08
    maximum iterations=40
  KSP Object: 1 MPI processes
    type: gmres
      restart=30, using Classical (unmodified) Gram-Schmidt Orthogonalization with no iterative refinement
      happy breakdown tolerance 1e-30
    maximum iterations=10000, initial guess is zero
    tolerances:  relative=1e-05, absolute=1e-50, divergence=10000.
    left preconditioning
    using PRECONDITIONED norm type for convergence test
  PC Object: 1 MPI processes
    type: lu
      out-of-place factorization
      tolerance for zero pivot 2.22045e-14
      matrix ordering: nd
      factor fill ratio given 5., needed 6.45199
        Factored matrix follows:
          Mat Object: 1 MPI processes
            type: seqaij
            rows=14884, cols=14884, bs=4
            package used to perform factorization: petsc
            total: nonzeros=1895440, allocated nonzeros=1895440
            total number of mallocs used during MatSetValues calls =0
              using I-node routines: found 3721 nodes, limit used is 5
    linear system matrix = precond matrix:
    Mat Object: 1 MPI processes
      type: seqaij
      rows=14884, cols=14884, bs=4
      total: nonzeros=293776, allocated nonzeros=293776
      total number of mallocs used during MatSetValues calls =0
        using I-node routines: found 3721 nodes, limit used is 5
Number of SNES iterations = 8
