lid velocity = 100., prandtl # = 1., grashof # = 13373.
  0 SNES Function norm 798.771 
  1 SNES Function norm 798.767 
  2 SNES Function norm 691.761 
  3 SNES Function norm 559.507 
  4 SNES Function norm 527.157 
  5 SNES Function norm 475.852 
  6 SNES Function norm 466.572 
  7 SNES Function norm 429.336 
  8 SNES Function norm 429.168 
  9 SNES Function norm 395.217 
 10 SNES Function norm 392.972 
 11 SNES Function norm 392.229 
 12 SNES Function norm 356.306 
 13 SNES Function norm 350.798 
 14 SNES Function norm 324.923 
 15 SNES Function norm 319.081 
 16 SNES Function norm 318.93 
 17 SNES Function norm 318.913 
 18 SNES Function norm 318.881 
 19 SNES Function norm 318.875 
 20 SNES Function norm 318.875 
 21 SNES Function norm 318.875 
 22 SNES Function norm 318.875 
 23 SNES Function norm 318.875 
 24 SNES Function norm 318.875 
 25 SNES Function norm 318.875 
 26 SNES Function norm 318.875 
 27 SNES Function norm 318.875 
 28 SNES Function norm 318.875 
 29 SNES Function norm 318.875 
 30 SNES Function norm 318.875 
 31 SNES Function norm 318.875 
 32 SNES Function norm 318.875 
 33 SNES Function norm 318.875 
 34 SNES Function norm 318.875 
 35 SNES Function norm 318.875 
 36 SNES Function norm 318.875 
 37 SNES Function norm 318.875 
 38 SNES Function norm 318.875 
 39 SNES Function norm 318.875 
 40 SNES Function norm 318.875 
 41 SNES Function norm 318.875 
 42 SNES Function norm 318.875 
 43 SNES Function norm 318.875 
 44 SNES Function norm 318.875 
 45 SNES Function norm 318.875 
 46 SNES Function norm 318.875 
 47 SNES Function norm 318.875 
 48 SNES Function norm 318.875 
 49 SNES Function norm 318.875 
 50 SNES Function norm 318.875 
 51 SNES Function norm 318.875 
 52 SNES Function norm 318.875 
 53 SNES Function norm 318.875 
 54 SNES Function norm 318.875 
 55 SNES Function norm 318.875 
 56 SNES Function norm 318.875 
 57 SNES Function norm 318.875 
 58 SNES Function norm 318.875 
 59 SNES Function norm 318.875 
 60 SNES Function norm 318.875 
 61 SNES Function norm 318.875 
 62 SNES Function norm 318.875 
 63 SNES Function norm 318.875 
 64 SNES Function norm 318.875 
 65 SNES Function norm 318.875 
 66 SNES Function norm 318.875 
 67 SNES Function norm 318.875 
 68 SNES Function norm 318.875 
 69 SNES Function norm 318.875 
 70 SNES Function norm 318.875 
 71 SNES Function norm 318.875 
 72 SNES Function norm 318.875 
 73 SNES Function norm 318.875 
 74 SNES Function norm 318.875 
 75 SNES Function norm 318.875 
 76 SNES Function norm 318.875 
 77 SNES Function norm 318.875 
 78 SNES Function norm 318.875 
 79 SNES Function norm 318.875 
 80 SNES Function norm 318.875 
 81 SNES Function norm 318.874 
 82 SNES Function norm 318.874 
 83 SNES Function norm 318.874 
 84 SNES Function norm 318.874 
 85 SNES Function norm 318.874 
 86 SNES Function norm 318.874 
 87 SNES Function norm 318.874 
 88 SNES Function norm 318.874 
 89 SNES Function norm 318.874 
 90 SNES Function norm 318.874 
 91 SNES Function norm 318.874 
 92 SNES Function norm 318.874 
 93 SNES Function norm 318.874 
 94 SNES Function norm 318.874 
 95 SNES Function norm 318.874 
 96 SNES Function norm 318.874 
 97 SNES Function norm 318.874 
 98 SNES Function norm 318.874 
 99 SNES Function norm 318.874 
100 SNES Function norm 318.874 
Nonlinear solve did not converge due to DIVERGED_MAX_IT iterations 100
SNES Object: 1 MPI processes
  type: newtonls
  maximum iterations=100, maximum function evaluations=10000
  tolerances: relative=1e-08, absolute=1e-50, solution=1e-08
  total number of linear solver iterations=100
  total number of function evaluations=1291
  norm schedule ALWAYS
  SNESLineSearch Object: 1 MPI processes
    type: bt
      interpolation: cubic
      alpha=1.000000e-04
    maxstep=1.000000e+08, minlambda=1.000000e-12
    tolerances: relative=1.000000e-08, absolute=1.000000e-15, lambda=1.000000e-08
    maximum iterations=40
  KSP Object: 1 MPI processes
    type: gmres
      restart=30, using Classical (unmodified) Gram-Schmidt Orthogonalization with no iterative refinement
      happy breakdown tolerance 1e-30
    maximum iterations=10000, initial guess is zero
    tolerances:  relative=1e-05, absolute=1e-50, divergence=10000.
    left preconditioning
    using PRECONDITIONED norm type for convergence test
  PC Object: 1 MPI processes
    type: lu
      out-of-place factorization
      tolerance for zero pivot 2.22045e-14
      matrix ordering: nd
      factor fill ratio given 5., needed 6.45199
        Factored matrix follows:
          Mat Object: 1 MPI processes
            type: seqaij
            rows=14884, cols=14884, bs=4
            package used to perform factorization: petsc
            total: nonzeros=1895440, allocated nonzeros=1895440
            total number of mallocs used during MatSetValues calls =0
              using I-node routines: found 3721 nodes, limit used is 5
    linear system matrix = precond matrix:
    Mat Object: 1 MPI processes
      type: seqaij
      rows=14884, cols=14884, bs=4
      total: nonzeros=293776, allocated nonzeros=293776
      total number of mallocs used during MatSetValues calls =0
        using I-node routines: found 3721 nodes, limit used is 5
Number of SNES iterations = 100
