lid velocity = 100., prandtl # = 1., grashof # = 50000.
  0 SNES Function norm 1228.95 
          Nonlinear fas_coarse_ solve converged due to CONVERGED_FNORM_RELATIVE iterations 6
  1 SNES Function norm 574.793 
          Nonlinear fas_coarse_ solve did not converge due to DIVERGED_DTOL iterations 12
Nonlinear solve did not converge due to DIVERGED_INNER iterations 1
SNES Object: 1 MPI processes
  type: fas
    type is MULTIPLICATIVE, levels=5, cycles=1
    Not using Galerkin computed coarse grid function evaluation
    Coarse grid solver -- level 0 -------------------------------
    SNES Object: (fas_coarse_) 1 MPI processes
      type: newtonls
      maximum iterations=50, maximum function evaluations=10000
      tolerances: relative=1e-08, absolute=1e-50, solution=1e-08
      total number of linear solver iterations=96
      total number of function evaluations=12
      SNESLineSearch Object: (fas_coarse_) 1 MPI processes
        type: basic
        maxstep=1.000000e+08, minlambda=1.000000e-12
        tolerances: relative=1.000000e-08, absolute=1.000000e-15, lambda=1.000000e-08
        maximum iterations=40
      KSP Object: (fas_coarse_) 1 MPI processes
        type: gmres
          restart=30, using Classical (unmodified) Gram-Schmidt Orthogonalization with no iterative refinement
          happy breakdown tolerance 1e-30
        maximum iterations=10000, initial guess is zero
        tolerances:  relative=1e-05, absolute=1e-50, divergence=10000.
        left preconditioning
        using PRECONDITIONED norm type for convergence test
      PC Object: (fas_coarse_) 1 MPI processes
        type: ilu
          out-of-place factorization
          0 levels of fill
          tolerance for zero pivot 2.22045e-14
          matrix ordering: natural
          factor fill ratio given 1., needed 1.
            Factored matrix follows:
              Mat Object: 1 MPI processes
                type: seqaij
                rows=64, cols=64, bs=4
                package used to perform factorization: petsc
                total: nonzeros=1024, allocated nonzeros=1024
                total number of mallocs used during MatSetValues calls =0
                  using I-node routines: found 16 nodes, limit used is 5
        linear system matrix = precond matrix:
        Mat Object: 1 MPI processes
          type: seqaij
          rows=64, cols=64, bs=4
          total: nonzeros=1024, allocated nonzeros=1024
          total number of mallocs used during MatSetValues calls =0
            using I-node routines: found 16 nodes, limit used is 5
    Down solver (pre-smoother) on level 1 -------------------------------
    SNES Object: (fas_levels_1_) 1 MPI processes
      type: ngs
      maximum iterations=6, maximum function evaluations=30000
      tolerances: relative=0., absolute=0., solution=0.
      total number of function evaluations=2
      norm schedule FINALONLY
      SNESLineSearch Object: (fas_levels_1_) 1 MPI processes
        type: basic
        maxstep=1.000000e+08, minlambda=1.000000e-12
        tolerances: relative=1.000000e-08, absolute=1.000000e-15, lambda=1.000000e-08
        maximum iterations=1
    Up solver (post-smoother) same as down solver (pre-smoother)
    Down solver (pre-smoother) on level 2 -------------------------------
    SNES Object: (fas_levels_2_) 1 MPI processes
      type: ngs
      maximum iterations=6, maximum function evaluations=30000
      tolerances: relative=0., absolute=0., solution=0.
      total number of function evaluations=2
      norm schedule FINALONLY
      SNESLineSearch Object: (fas_levels_2_) 1 MPI processes
        type: basic
        maxstep=1.000000e+08, minlambda=1.000000e-12
        tolerances: relative=1.000000e-08, absolute=1.000000e-15, lambda=1.000000e-08
        maximum iterations=1
    Up solver (post-smoother) same as down solver (pre-smoother)
    Down solver (pre-smoother) on level 3 -------------------------------
    SNES Object: (fas_levels_3_) 1 MPI processes
      type: ngs
      maximum iterations=6, maximum function evaluations=30000
      tolerances: relative=0., absolute=0., solution=0.
      total number of function evaluations=2
      norm schedule FINALONLY
      SNESLineSearch Object: (fas_levels_3_) 1 MPI processes
        type: basic
        maxstep=1.000000e+08, minlambda=1.000000e-12
        tolerances: relative=1.000000e-08, absolute=1.000000e-15, lambda=1.000000e-08
        maximum iterations=1
    Up solver (post-smoother) same as down solver (pre-smoother)
    Down solver (pre-smoother) on level 4 -------------------------------
    SNES Object: (fas_levels_4_) 1 MPI processes
      type: ngs
      maximum iterations=6, maximum function evaluations=30000
      tolerances: relative=0., absolute=0., solution=0.
      total number of function evaluations=2
      norm schedule FINALONLY
      SNESLineSearch Object: (fas_levels_4_) 1 MPI processes
        type: basic
        maxstep=1.000000e+08, minlambda=1.000000e-12
        tolerances: relative=1.000000e-08, absolute=1.000000e-15, lambda=1.000000e-08
        maximum iterations=1
    Up solver (post-smoother) same as down solver (pre-smoother)
  maximum iterations=10000, maximum function evaluations=30000
  tolerances: relative=1e-08, absolute=1e-50, solution=1e-08
  total number of function evaluations=1
  norm schedule ALWAYS
  SNESLineSearch Object: 1 MPI processes
    type: basic
    maxstep=1.000000e+08, minlambda=1.000000e-12
    tolerances: relative=1.000000e-08, absolute=1.000000e-15, lambda=1.000000e-08
    maximum iterations=1
Number of SNES iterations = 1
