lid velocity = 100., prandtl # = 1., grashof # = 13373.
  0 SNES Function norm 798.771 
  1 SNES Function norm 10728.9 
  2 SNES Function norm 2513.6 
  3 SNES Function norm 334.992 
  4 SNES Function norm 132.803 
  5 SNES Function norm 18.1399 
  6 SNES Function norm 1.50604 
  7 SNES Function norm 0.013168 
  8 SNES Function norm 1.26919e-05 
  9 SNES Function norm < 1.e-11
Nonlinear solve converged due to CONVERGED_FNORM_RELATIVE iterations 9
SNES Object: 1 MPI processes
  type: newtonls
  maximum iterations=1000, maximum function evaluations=10000
  tolerances: relative=1e-08, absolute=1e-50, solution=1e-08
  total number of linear solver iterations=9
  total number of function evaluations=12
  norm schedule ALWAYS
  SNESLineSearch Object: 1 MPI processes
    type: bt
      interpolation: cubic
      alpha=1.000000e-04
    maxstep=1.000000e+08, minlambda=1.000000e-12
    tolerances: relative=1.000000e-08, absolute=1.000000e-15, lambda=1.000000e-08
    maximum iterations=40
  SNES Object: (npc_) 1 MPI processes
    type: nrichardson
    maximum iterations=6, maximum function evaluations=10000
    tolerances: relative=0., absolute=0., solution=0.
    total number of function evaluations=162
    norm schedule FINALONLY
    SNESLineSearch Object: (npc_) 1 MPI processes
      type: l2
      maxstep=1.000000e+08, minlambda=1.000000e-12
      tolerances: relative=1.000000e-08, absolute=1.000000e-15, lambda=1.000000e-08
      maximum iterations=1
  KSP Object: 1 MPI processes
    type: gmres
      restart=30, using Classical (unmodified) Gram-Schmidt Orthogonalization with no iterative refinement
      happy breakdown tolerance 1e-30
    maximum iterations=10000, initial guess is zero
    tolerances:  relative=1e-05, absolute=1e-50, divergence=10000.
    left preconditioning
    using PRECONDITIONED norm type for convergence test
  PC Object: 1 MPI processes
    type: lu
      out-of-place factorization
      tolerance for zero pivot 2.22045e-14
      matrix ordering: nd
      factor fill ratio given 5., needed 6.45199
        Factored matrix follows:
          Mat Object: 1 MPI processes
            type: seqaij
            rows=14884, cols=14884, bs=4
            package used to perform factorization: petsc
            total: nonzeros=1895440, allocated nonzeros=1895440
            total number of mallocs used during MatSetValues calls =0
              using I-node routines: found 3721 nodes, limit used is 5
    linear system matrix = precond matrix:
    Mat Object: 1 MPI processes
      type: seqaij
      rows=14884, cols=14884, bs=4
      total: nonzeros=293776, allocated nonzeros=293776
      total number of mallocs used during MatSetValues calls =0
        using I-node routines: found 3721 nodes, limit used is 5
Number of SNES iterations = 9
