lid velocity = 100., prandtl # = 1., grashof # = 13373.
  0 SNES Function norm 798.771 
  1 SNES Function norm 731.204 
  2 SNES Function norm 120.207 
  3 SNES Function norm 29.5443 
  4 SNES Function norm 9.81157 
  5 SNES Function norm 2.67618 
  6 SNES Function norm 1.34677 
  7 SNES Function norm 0.424225 
  8 SNES Function norm 0.189634 
  9 SNES Function norm 0.058252 
 10 SNES Function norm 0.0233913 
 11 SNES Function norm 0.00690104 
 12 SNES Function norm 0.00258224 
 13 SNES Function norm 0.000717206 
 14 SNES Function norm 0.00025511 
 15 SNES Function norm 6.56699e-05 
 16 SNES Function norm 2.24766e-05 
 17 SNES Function norm 5.42175e-06 
Nonlinear solve converged due to CONVERGED_FNORM_RELATIVE iterations 17
SNES Object: 1 MPI processes
  type: fas
    type is MULTIPLICATIVE, levels=3, cycles=1
    Not using Galerkin computed coarse grid function evaluation
    Coarse grid solver -- level 0 -------------------------------
    SNES Object: (fas_coarse_) 1 MPI processes
      type: newtonls
      maximum iterations=50, maximum function evaluations=10000
      tolerances: relative=1e-08, absolute=1e-50, solution=1e-08
      total number of linear solver iterations=69
      total number of function evaluations=2
      SNESLineSearch Object: (fas_coarse_) 1 MPI processes
        type: bt
          interpolation: cubic
          alpha=1.000000e-04
        maxstep=1.000000e+08, minlambda=1.000000e-12
        tolerances: relative=1.000000e-08, absolute=1.000000e-15, lambda=1.000000e-08
        maximum iterations=40
      KSP Object: (fas_coarse_) 1 MPI processes
        type: gmres
          restart=30, using Classical (unmodified) Gram-Schmidt Orthogonalization with no iterative refinement
          happy breakdown tolerance 1e-30
        maximum iterations=10000, initial guess is zero
        tolerances:  relative=1e-05, absolute=1e-50, divergence=10000.
        left preconditioning
        using PRECONDITIONED norm type for convergence test
      PC Object: (fas_coarse_) 1 MPI processes
        type: ilu
          out-of-place factorization
          0 levels of fill
          tolerance for zero pivot 2.22045e-14
          matrix ordering: natural
          factor fill ratio given 1., needed 1.
            Factored matrix follows:
              Mat Object: 1 MPI processes
                type: seqaij
                rows=1024, cols=1024, bs=4
                package used to perform factorization: petsc
                total: nonzeros=19456, allocated nonzeros=19456
                total number of mallocs used during MatSetValues calls =0
                  using I-node routines: found 256 nodes, limit used is 5
        linear system matrix = precond matrix:
        Mat Object: 1 MPI processes
          type: seqaij
          rows=1024, cols=1024, bs=4
          total: nonzeros=19456, allocated nonzeros=19456
          total number of mallocs used during MatSetValues calls =0
            using I-node routines: found 256 nodes, limit used is 5
    Down solver (pre-smoother) on level 1 -------------------------------
    SNES Object: (fas_levels_1_) 1 MPI processes
      type: ngs
      maximum iterations=6, maximum function evaluations=30000
      tolerances: relative=0., absolute=0., solution=0.
      total number of function evaluations=2
      norm schedule FINALONLY
      SNESLineSearch Object: (fas_levels_1_) 1 MPI processes
        type: basic
        maxstep=1.000000e+08, minlambda=1.000000e-12
        tolerances: relative=1.000000e-08, absolute=1.000000e-15, lambda=1.000000e-08
        maximum iterations=1
    Up solver (post-smoother) same as down solver (pre-smoother)
    Down solver (pre-smoother) on level 2 -------------------------------
    SNES Object: (fas_levels_2_) 1 MPI processes
      type: ngs
      maximum iterations=6, maximum function evaluations=30000
      tolerances: relative=0., absolute=0., solution=0.
      total number of function evaluations=2
      norm schedule FINALONLY
      SNESLineSearch Object: (fas_levels_2_) 1 MPI processes
        type: basic
        maxstep=1.000000e+08, minlambda=1.000000e-12
        tolerances: relative=1.000000e-08, absolute=1.000000e-15, lambda=1.000000e-08
        maximum iterations=1
    Up solver (post-smoother) same as down solver (pre-smoother)
  maximum iterations=100, maximum function evaluations=30000
  tolerances: relative=1e-08, absolute=1e-50, solution=1e-08
  total number of function evaluations=1
  norm schedule ALWAYS
  SNESLineSearch Object: 1 MPI processes
    type: basic
    maxstep=1.000000e+08, minlambda=1.000000e-12
    tolerances: relative=1.000000e-08, absolute=1.000000e-15, lambda=1.000000e-08
    maximum iterations=1
Number of SNES iterations = 17
