lid velocity = 100., prandtl # = 1., grashof # = 133.72
  0 SNES Function norm 768.118 
  1 SNES Function norm 571.509 
  2 SNES Function norm 536.971 
  3 SNES Function norm 362.858 
  4 SNES Function norm 322.387 
  5 SNES Function norm 295.399 
  6 SNES Function norm 266.43 
  7 SNES Function norm 226.866 
  8 SNES Function norm 164.672 
  9 SNES Function norm 76.2767 
 10 SNES Function norm 15.6112 
 11 SNES Function norm 4.73599 
 12 SNES Function norm 1.89777 
 13 SNES Function norm 0.874342 
 14 SNES Function norm 0.41192 
 15 SNES Function norm 0.194668 
 16 SNES Function norm 0.0947228 
 17 SNES Function norm 0.0564188 
 18 SNES Function norm 0.0406103 
 19 SNES Function norm 0.0279085 
 20 SNES Function norm 0.0175292 
 21 SNES Function norm 0.0100281 
 22 SNES Function norm 0.00540007 
 23 SNES Function norm 0.00303793 
 24 SNES Function norm 0.00194145 
 25 SNES Function norm 0.00129819 
 26 SNES Function norm 0.000827409 
 27 SNES Function norm 0.000494015 
 28 SNES Function norm 0.000293604 
 29 SNES Function norm 0.000183502 
 30 SNES Function norm 0.000116667 
 31 SNES Function norm 7.15023e-05 
 32 SNES Function norm 4.28981e-05 
 33 SNES Function norm 2.65513e-05 
 34 SNES Function norm 1.68612e-05 
 35 SNES Function norm 1.04378e-05 
 36 SNES Function norm 6.23939e-06 
Nonlinear solve converged due to CONVERGED_FNORM_RELATIVE iterations 36
SNES Object: 1 MPI processes
  type: newtonls
  maximum iterations=100, maximum function evaluations=10000
  tolerances: relative=1e-08, absolute=1e-50, solution=1e-08
  total number of linear solver iterations=36
  total number of function evaluations=73
  norm schedule ALWAYS
  Jacobian is never rebuilt
  SNESLineSearch Object: 1 MPI processes
    type: cp
    maxstep=1.000000e+08, minlambda=1.000000e-12
    tolerances: relative=1.000000e-08, absolute=1.000000e-15, lambda=1.000000e-08
    maximum iterations=1
  KSP Object: 1 MPI processes
    type: gmres
      restart=30, using Classical (unmodified) Gram-Schmidt Orthogonalization with no iterative refinement
      happy breakdown tolerance 1e-30
    maximum iterations=10000, initial guess is zero
    tolerances:  relative=1e-05, absolute=1e-50, divergence=10000.
    left preconditioning
    using PRECONDITIONED norm type for convergence test
  PC Object: 1 MPI processes
    type: lu
      out-of-place factorization
      tolerance for zero pivot 2.22045e-14
      matrix ordering: nd
      factor fill ratio given 5., needed 6.45199
        Factored matrix follows:
          Mat Object: 1 MPI processes
            type: seqaij
            rows=14884, cols=14884, bs=4
            package used to perform factorization: petsc
            total: nonzeros=1895440, allocated nonzeros=1895440
            total number of mallocs used during MatSetValues calls =0
              using I-node routines: found 3721 nodes, limit used is 5
    linear system matrix = precond matrix:
    Mat Object: 1 MPI processes
      type: seqaij
      rows=14884, cols=14884, bs=4
      total: nonzeros=293776, allocated nonzeros=293776
      total number of mallocs used during MatSetValues calls =0
        using I-node routines: found 3721 nodes, limit used is 5
Number of SNES iterations = 36
