lid velocity = 100., prandtl # = 1., grashof # = 1.
DM Object: Mesh 1 MPI processes
  type: plex
Mesh in 2 dimensions:
  0-cells: 16
  1-cells: 24
  2-cells: 9
Labels:
  depth: 3 strata with value/size (0 (16), 1 (24), 2 (9))
  Face Sets: 4 strata with value/size (4 (3), 2 (3), 1 (3), 3 (3))
  marker: 4 strata with value/size (4 (7), 2 (7), 1 (7), 3 (7))
Using MMS solution 0
Discrete System with 3 fields
  Field velocity   FEM  2 components   (implicit)   (adj FEM)   (Nq 9 Nqc 1)  
    Basic Finite Element:
      dimension:       2
      components:      2
      num quad points: 9
      PetscSpace Object: (vel_) 1 MPI processes
        type: poly
        Space in 2 variables of order 2 with 2 components
        Tensor polynomial space of degree 2
      Continuous Tensor Lagrange dual space of order 2       with 2 components      
  Field vorticity   FEM  1 component    (implicit)   (adj FEM)   (Nq 9 Nqc 1)  
    Basic Finite Element:
      dimension:       2
      components:      1
      num quad points: 9
      PetscSpace Object: (vort_) 1 MPI processes
        type: poly
        Space in 2 variables of order 2 with 1 components
        Tensor polynomial space of degree 2
      Continuous Tensor Lagrange dual space of order 2      
  Field temperature   FEM  1 component    (implicit)   (adj FEM)   (Nq 9 Nqc 1)  
    Basic Finite Element:
      dimension:       2
      components:      1
      num quad points: 9
      PetscSpace Object: (temp_) 1 MPI processes
        type: poly
        Space in 2 variables of order 2 with 1 components
        Tensor polynomial space of degree 2
      Continuous Tensor Lagrange dual space of order 2      
  3 constants
    1.
    1.
    100.
L_2 Error: [< 1.0e-11, < 1.0e-11, < 1.0e-11]
L_2 Residual: 7.41803e-15
Linear L_2 Residual: 0.506501
  0 SNES Function norm < 1.e-11
  1 SNES Function norm < 1.e-11
Nonlinear solve converged due to CONVERGED_SNORM_RELATIVE iterations 1
SNES Object: 1 MPI processes
  type: newtonls
  maximum iterations=50, maximum function evaluations=10000
  tolerances: relative=1e-08, absolute=1e-50, solution=1e-08
  total number of linear solver iterations=1
  total number of function evaluations=70
  norm schedule ALWAYS
  Jacobian is built using finite differences with coloring
  SNESLineSearch Object: 1 MPI processes
    type: bt
      interpolation: cubic
      alpha=1.000000e-04
    maxstep=1.000000e+08, minlambda=1.000000e-12
    tolerances: relative=1.000000e-08, absolute=1.000000e-15, lambda=1.000000e-08
    maximum iterations=40
  KSP Object: 1 MPI processes
    type: gmres
      restart=30, using Classical (unmodified) Gram-Schmidt Orthogonalization with no iterative refinement
      happy breakdown tolerance 1e-30
    maximum iterations=10000, initial guess is zero
    tolerances:  relative=1e-10, absolute=1e-50, divergence=10000.
    left preconditioning
    using PRECONDITIONED norm type for convergence test
  PC Object: 1 MPI processes
    type: lu
      out-of-place factorization
      tolerance for zero pivot 2.22045e-14
      matrix ordering: nd
      factor fill ratio given 5., needed 1.16934
        Factored matrix follows:
          Mat Object: 1 MPI processes
            type: seqaij
            rows=110, cols=110
            package used to perform factorization: petsc
            total: nonzeros=4806, allocated nonzeros=4806
            total number of mallocs used during MatSetValues calls =0
              using I-node routines: found 26 nodes, limit used is 5
    linear system matrix = precond matrix:
    Mat Object: 1 MPI processes
      type: seqaij
      rows=110, cols=110
      total: nonzeros=4110, allocated nonzeros=4110
      total number of mallocs used during MatSetValues calls =0
        using I-node routines: found 35 nodes, limit used is 5
