Vec Object: Initial guess 1 MPI processes
  type: seq
-1.5
-0.5
-0.5
0.5
-0.5
0.5
0.5
1.5
0.5
0.5
-0.5
0.
-0.5
1.
0.5
-1.
0.
-0.5
1.
0.
-1.
0.5
-1.
0.
0.5
0.
-0.5
1.
0.
0.
L_2 Error: 0.148626
Residual:
Vec Object: 1 MPI processes
  type: seq
0.
0.
0.
0.
0.
0.
0.
-0.00520833
0.
0.
0.
-0.00520833
0.
0.
0.
-0.0104167
0.
0.
0.
0.0104167
0.
0.
0.
0.00520833
0.
0.
0.
0.00520833
0.
0.
0.
0.
-0.125
-0.125
0.25
-0.00520833
0.
0.
0.
-0.015625
0.
0.
0.
-0.015625
0.
0.
0.
-0.015625
0.
0.
0.
-0.00520833
0.
0.
0.
-0.0104167
0.
0.
0.
0.0104167
0.
0.
0.
0.00520833
0.
0.
0.
0.015625
0.
0.
0.
0.015625
0.
0.
0.
0.0208333
0.
0.
0.
0.
0.
0.
0.
-0.0208333
0.
0.
0.
-0.0104167
0.
0.
0.
0.
0.
0.
0.
0.0104167
0.
0.
0.
0.
0.
0.
0.
0.
0.
0.
0.
0.0208333
Initial Residual
Vec Object: Residual, Iterate 0 1 MPI processes
  type: seq
0.
-0.00520833
-0.00520833
-0.0104167
0.0104167
0.00520833
0.00520833
0.
-0.125
-0.125
0.25
-0.00520833
-0.015625
-0.015625
-0.015625
-0.00520833
-0.0104167
0.0104167
0.00520833
0.015625
0.015625
0.0208333
0.
-0.0208333
-0.0104167
0.
0.0104167
0.
0.
0.0208333
L_2 Residual: 0.311631
Residual:
Vec Object: 1 MPI processes
  type: seq
0.
0.
0.
-0.0104167
0.
0.
0.
-0.00520833
0.
0.
0.
-0.00520833
0.
0.
0.
-0.0104167
0.
0.
0.
0.0104167
0.
0.
0.
0.00520833
0.
0.
0.
0.00520833
0.
0.
0.
0.0104167
-1.9375
-1.9375
1.77083
-0.00520833
0.
0.
0.
0.0208333
0.
0.
0.
0.03125
0.
0.
0.
0.
0.
0.
0.
0.
0.
0.
0.
0.0104167
0.
0.
0.
-0.0364583
0.
0.
0.
-0.0104167
0.
0.
0.
0.015625
0.
0.
0.
-0.0260417
0.
0.
0.
-0.0208333
0.
0.
0.
0.0260417
0.
0.
0.
-0.0208333
0.
0.
0.
0.0260417
0.
0.
0.
0.
0.
0.
0.
-0.0104167
0.
0.
0.
-0.0208333
0.
0.
0.
0.
0.
0.
0.
0.0208333
Au - b = Au + F(0)
Vec Object: Residual, Iterate 0 1 MPI processes
  type: seq
0.
-0.00520833
-0.00520833
-0.0104167
0.0104167
0.00520833
0.00520833
0.
-0.125
-0.125
0.25
-0.00520833
-0.015625
-0.015625
-0.015625
-0.00520833
-0.0104167
0.0104167
0.00520833
0.015625
0.015625
0.0208333
0.
-0.0208333
-0.0104167
0.
0.0104167
0.
0.
0.0208333
Linear L_2 Residual: 0.311631
