L_2 Error: 0.0655506
Residual:
Vec Object: 3 MPI processes
  type: mpi
Process [0]
0.
0.
-0.0104167
0.
0.
-0.0104167
0.
0.
0.0104167
0.5625
-0.0833333
0.0104167
-0.166667
-0.166667
0.
0.354167
0.5625
0.
Process [1]
0.
0.
-0.0104167
0.
0.
-0.0104167
-0.1875
-0.229167
0.
0.
0.
0.
0.
0.
0.0104167
0.
0.
0.0104167
-0.520833
-0.729167
0.
-0.395833
-0.479167
0.
Process [2]
0.
0.
-0.0104167
-0.208333
0.479167
-0.0104167
0.
0.
0.0104167
0.
0.
0.0104167
-0.166667
-0.166667
0.
0.229167
0.3125
0.
Initial Residual
Vec Object: Residual, Iterate 0 3 MPI processes
  type: mpi
Process [0]
-0.0104167
-0.166667
-0.166667
0.
Process [1]
-0.0208333
-0.0104167
0.
0.0104167
-0.166667
-0.166667
0.
Process [2]
0.
0.166667
0.166667
0.
0.0104167
0.0208333
-0.166667
-0.166667
0.
-0.166667
-0.166667
0.
L_2 Residual: 0.52828
Residual:
Vec Object: 3 MPI processes
  type: mpi
Process [0]
0.
0.
-0.0208333
0.
0.
-0.0520833
0.
0.
-0.0208333
0.1875
0.1875
-0.0520833
-0.25
-0.25
-0.0416667
-0.0625
-0.1875
-0.03125
Process [1]
0.
0.
-0.0729167
0.
0.
-0.0208333
0.125
0.125
0.104167
0.
0.
0.25
0.
0.
0.0104167
0.
0.
0.104167
-2.1875
-3.0625
0.0729167
-3.6875
-0.5625
0.114583
Process [2]
0.
0.
-0.0625
0.1875
0.1875
-0.0520833
0.
0.
-0.0625
0.
0.
-0.0520833
-2.25
0.75
-0.0416667
-0.5625
0.3125
-0.0729167
Au - b = Au + F(0)
Vec Object: Residual, Iterate 0 3 MPI processes
  type: mpi
Process [0]
-0.0104167
-0.166667
-0.166667
0.
Process [1]
-0.0208333
-0.0104167
0.
0.0104167
-0.166667
-0.166667
0.
Process [2]
0.
0.166667
0.166667
0.
0.0104167
0.0208333
-0.166667
-0.166667
0.
-0.166667
-0.166667
0.
Linear L_2 Residual: 0.52828
