L_2 Error: 0.157081
Residual:
Vec Object: 5 MPI processes
  type: mpi
Process [0]
-0.541667
-0.0416667
0.0208333
0.
0.
0.0208333
0.
0.
0.0208333
Process [1]
0.
0.
0.0208333
0.0416667
0.541667
0.
0.
0.
0.
0.
0.
-0.0208333
Process [2]
0.
0.
-0.0208333
-0.208333
-0.375
-0.0208333
0.
0.
-0.0416667
0.
0.
-0.0208333
0.
0.
-0.0208333
Process [3]
0.
0.
0.0208333
0.
0.
0.0208333
0.25
-0.0833333
0.0208333
Process [4]
0.
0.
0.0208333
0.
0.
0.
0.
0.
0.
0.458333
-0.0416667
-0.0208333
Initial Residual
Vec Object: Residual, Iterate 0 5 MPI processes
  type: mpi
Process [0]
Process [1]
0.
Process [2]
-0.0208333
-0.0208333
-0.0208333
Process [3]
0.
Process [4]
0.0208333
0.0208333
0.0208333
0.
0.
0.
L_2 Residual: 0.051031
Residual:
Vec Object: 5 MPI processes
  type: mpi
Process [0]
-1.125
-0.125
0.0625
0.
0.
0.0625
0.
0.
0.0625
Process [1]
0.
0.
-0.0208333
-0.5
0.5
-0.0416667
0.
0.
-0.0416667
0.
0.
-0.0208333
Process [2]
0.
0.
0.0208333
-0.5
-0.375
0.0208333
0.
0.
0.
0.
0.
-0.0208333
0.
0.
-0.0208333
Process [3]
0.
0.
0.0208333
0.
0.
0.0208333
0.
-0.125
0.0208333
Process [4]
0.
0.
0.0208333
0.
0.
-0.0416667
0.
0.
-0.0416667
-0.125
-0.125
-0.0625
Au - b = Au + F(0)
Vec Object: Residual, Iterate 0 5 MPI processes
  type: mpi
Process [0]
Process [1]
0.
Process [2]
-0.0208333
-0.0208333
-0.0208333
Process [3]
0.
Process [4]
0.0208333
0.0208333
0.0208333
0.
0.
0.
Linear L_2 Residual: 0.051031
