SNES Object: 2 MPI processes
  type: newtonls
  maximum iterations=50, maximum function evaluations=10000
  tolerances: relative=1e-08, absolute=1e-50, solution=1e-08
  total number of linear solver iterations=1
  total number of function evaluations=2
  norm schedule ALWAYS
  SNESLineSearch Object: 2 MPI processes
    type: bt
      interpolation: cubic
      alpha=1.000000e-04
    maxstep=1.000000e+08, minlambda=1.000000e-12
    tolerances: relative=1.000000e-08, absolute=1.000000e-15, lambda=1.000000e-08
    maximum iterations=40
  KSP Object: 2 MPI processes
    type: gmres
      restart=30, using Classical (unmodified) Gram-Schmidt Orthogonalization with no iterative refinement
      happy breakdown tolerance 1e-30
    maximum iterations=10000, initial guess is zero
    tolerances:  relative=1e-09, absolute=1e-50, divergence=10000.
    left preconditioning
    using PRECONDITIONED norm type for convergence test
  PC Object: 2 MPI processes
    type: fieldsplit
      FieldSplit with Schur preconditioner, factorization FULL
      Preconditioner for the Schur complement formed from the exact Schur complement
      Split info:
      Split number 0 Defined by IS
      Split number 1 Defined by IS
      KSP solver for A00 block
        KSP Object: (fieldsplit_velocity_) 2 MPI processes
          type: gmres
            restart=30, using Classical (unmodified) Gram-Schmidt Orthogonalization with no iterative refinement
            happy breakdown tolerance 1e-30
          maximum iterations=10000, initial guess is zero
          tolerances:  relative=1e-05, absolute=1e-50, divergence=10000.
          left preconditioning
          using PRECONDITIONED norm type for convergence test
        PC Object: (fieldsplit_velocity_) 2 MPI processes
          type: lu
            out-of-place factorization
            tolerance for zero pivot 2.22045e-14
            matrix ordering: natural
            factor fill ratio given 0., needed 0.
              Factored matrix follows:
                Mat Object: 2 MPI processes
                  type: superlu_dist
                  rows=98, cols=98
                  package used to perform factorization: superlu_dist
                  total: nonzeros=0, allocated nonzeros=0
                  total number of mallocs used during MatSetValues calls =0
                    SuperLU_DIST run parameters:
                      Process grid nprow 1 x npcol 2 
                      Equilibrate matrix TRUE 
                      Matrix input mode 1 
                      Replace tiny pivots FALSE 
                      Use iterative refinement FALSE 
                      Processors in row 1 col partition 2 
                      Row permutation LargeDiag_MC64
                      Column permutation METIS_AT_PLUS_A
                      Parallel symbolic factorization FALSE 
                      Repeated factorization SamePattern
          linear system matrix = precond matrix:
          Mat Object: (fieldsplit_velocity_) 2 MPI processes
            type: mpiaij
            rows=98, cols=98, bs=2
            total: nonzeros=1620, allocated nonzeros=1620
            total number of mallocs used during MatSetValues calls =0
              using I-node (on process 0) routines: found 17 nodes, limit used is 5
      KSP solver for S = A11 - A10 inv(A00) A01 
        KSP Object: (fieldsplit_pressure_) 2 MPI processes
          type: gmres
            restart=30, using Classical (unmodified) Gram-Schmidt Orthogonalization with no iterative refinement
            happy breakdown tolerance 1e-30
          maximum iterations=10000, initial guess is zero
          tolerances:  relative=1e-10, absolute=1e-50, divergence=10000.
          left preconditioning
          using PRECONDITIONED norm type for convergence test
        PC Object: (fieldsplit_pressure_) 2 MPI processes
          type: svd
            All singular values smaller than 1e-12 treated as zero
            Provided essential rank of the matrix 0 (all other eigenvalues are zeroed)
          linear system matrix followed by preconditioner matrix:
          Mat Object: (fieldsplit_pressure_) 2 MPI processes
            type: schurcomplement
            rows=25, cols=25
              has attached null space
              Schur complement A11 - A10 inv(A00) A01
              A11
                Mat Object: (fieldsplit_pressure_) 2 MPI processes
                  type: mpiaij
                  rows=25, cols=25
                  total: nonzeros=137, allocated nonzeros=137
                  total number of mallocs used during MatSetValues calls =0
                    has attached null space
                    not using I-node (on process 0) routines
              A10
                Mat Object: 2 MPI processes
                  type: mpiaij
                  rows=25, cols=98
                  total: nonzeros=446, allocated nonzeros=446
                  total number of mallocs used during MatSetValues calls =0
                    not using I-node (on process 0) routines
              KSP of A00
                KSP Object: (fieldsplit_velocity_) 2 MPI processes
                  type: gmres
                    restart=30, using Classical (unmodified) Gram-Schmidt Orthogonalization with no iterative refinement
                    happy breakdown tolerance 1e-30
                  maximum iterations=10000, initial guess is zero
                  tolerances:  relative=1e-05, absolute=1e-50, divergence=10000.
                  left preconditioning
                  using PRECONDITIONED norm type for convergence test
                PC Object: (fieldsplit_velocity_) 2 MPI processes
                  type: lu
                    out-of-place factorization
                    tolerance for zero pivot 2.22045e-14
                    matrix ordering: natural
                    factor fill ratio given 0., needed 0.
                      Factored matrix follows:
                        Mat Object: 2 MPI processes
                          type: superlu_dist
                          rows=98, cols=98
                          package used to perform factorization: superlu_dist
                          total: nonzeros=0, allocated nonzeros=0
                          total number of mallocs used during MatSetValues calls =0
                            SuperLU_DIST run parameters:
                              Process grid nprow 1 x npcol 2 
                              Equilibrate matrix TRUE 
                              Matrix input mode 1 
                              Replace tiny pivots FALSE 
                              Use iterative refinement FALSE 
                              Processors in row 1 col partition 2 
                              Row permutation LargeDiag_MC64
                              Column permutation METIS_AT_PLUS_A
                              Parallel symbolic factorization FALSE 
                              Repeated factorization SamePattern
                  linear system matrix = precond matrix:
                  Mat Object: (fieldsplit_velocity_) 2 MPI processes
                    type: mpiaij
                    rows=98, cols=98, bs=2
                    total: nonzeros=1620, allocated nonzeros=1620
                    total number of mallocs used during MatSetValues calls =0
                      using I-node (on process 0) routines: found 17 nodes, limit used is 5
              A01
                Mat Object: 2 MPI processes
                  type: mpiaij
                  rows=98, cols=25, rbs=2, cbs = 1
                  total: nonzeros=446, allocated nonzeros=446
                  total number of mallocs used during MatSetValues calls =0
                    using I-node (on process 0) routines: found 16 nodes, limit used is 5
          Mat Object: 2 MPI processes
            type: mpiaij
            rows=25, cols=25
            total: nonzeros=625, allocated nonzeros=625
            total number of mallocs used during MatSetValues calls =0
              using I-node (on process 0) routines: found 2 nodes, limit used is 5
    linear system matrix = precond matrix:
    Mat Object: 2 MPI processes
      type: mpiaij
      rows=123, cols=123
      total: nonzeros=2649, allocated nonzeros=2649
      total number of mallocs used during MatSetValues calls =0
        has attached null space
        using I-node (on process 0) routines: found 23 nodes, limit used is 5
L_2 Error: 3.80597e-15 [5.46195e-16, 3.76654e-15]
