Vec Object: Initial guess 1 MPI processes
  type: seq
-1.
-0.5
0.
-0.5
0.5
1.11022e-16
0.
0.5
-1.11022e-16
0.5
1.
-0.75
0.125
2.77556e-17
-0.5
-0.75
0.625
-0.25
-1.11022e-16
-0.25
0.3125
-0.125
-0.25
0.3125
0.25
-0.25
0.625
0.75
0.
0.25
0.8125
0.375
0.25
-0.25
1.125
-2.22045e-16
0.5
0.75
0.75
0.8125
-0.25
0.25
0.25
L_2 Error: 0.0393544
Residual:
Vec Object: 1 MPI processes
  type: seq
0.
0.
0.00260417
0.
0.
0.00260417
0.
0.
0.
0.
0.
0.00260417
0.
0.
0.
0.
0.
-0.00260417
0.
0.
0.
0.
0.
-0.00260417
0.
0.
-0.00260417
0.
0.
0.00260417
0.
0.
0.
0.
0.
0.00260417
0.
0.
0.
0.
0.
0.00260417
0.
0.
0.
0.
0.
0.
0.
0.
0.
0.
0.
-0.00260417
0.
0.
0.
0.
0.
0.00260417
0.
0.
0.
0.
0.
-0.00260417
0.
0.
-0.00260417
0.
0.
0.
0.
0.
-0.00260417
Initial Residual
Vec Object: Residual, Iterate 0 1 MPI processes
  type: seq
0.00260417
0.00260417
0.
0.00260417
0.
0.
0.
-0.00260417
0.
-0.00260417
-0.00260417
0.00260417
0.
0.
0.
0.00260417
0.
0.
0.
0.00260417
0.
0.
0.
0.
0.
0.
0.
0.
0.
-0.00260417
0.
0.
0.
0.00260417
0.
0.
0.
-0.00260417
-0.00260417
0.
0.
0.
-0.00260417
L_2 Residual: 0.0097439
Residual:
Vec Object: 1 MPI processes
  type: seq
0.
0.
0.00260417
0.
0.
-0.0260417
0.
0.
-0.00520833
0.
0.
-0.0234375
0.1875
0.1875
0.
0.
0.
0.127604
0.
0.
-0.0364583
0.
0.
-0.0364583
0.
0.
-0.00260417
0.
0.
-0.00260417
0.0625
0.0625
-0.0390625
0.
0.
-0.0078125
-1.4375
0.5625
-0.0755208
0.
0.
-0.0572917
-0.0625
0.1875
-0.0442708
-0.0625
-0.3125
-0.0755208
-1.4375
-2.4375
-0.0078125
0.
0.
0.0989583
-1.0625
-0.8125
0.127604
0.
0.
-0.0833333
-2.9375
0.0625
0.122396
0.
0.
0.0911458
0.
0.
0.0442708
-1.0625
0.6875
-0.0494792
0.
0.
-0.0416667
Au - b = Au + F(0)
Vec Object: Residual, Iterate 0 1 MPI processes
  type: seq
0.00260417
0.00260417
0.
0.00260417
0.
0.
0.
-0.00260417
0.
-0.00260417
-0.00260417
0.00260417
0.
0.
0.
0.00260417
0.
0.
0.
0.00260417
0.
0.
0.
0.
0.
0.
0.
0.
0.
-0.00260417
0.
0.
0.
0.00260417
0.
0.
0.
-0.00260417
-0.00260417
0.
0.
0.
-0.00260417
Linear L_2 Residual: 0.0097439
