Vec Object: Initial guess 1 MPI processes
  type: seq
-1.
-0.5
0.
-0.5
0.5
1.11022e-16
0.
0.5
-1.11022e-16
0.5
1.
-0.75
0.125
2.77556e-17
-0.5
-0.75
0.625
-0.25
-1.11022e-16
-0.25
0.3125
-0.125
-0.25
0.3125
0.25
-0.25
0.625
0.75
0.
0.25
0.8125
0.375
0.25
-0.25
1.125
-2.22045e-16
0.5
0.75
0.75
0.8125
-0.25
0.25
0.25
0.15625
0.1875
0.15625
-0.0625
0.53125
-0.1875
0.78125
-0.1875
0.265625
-0.09375
0.390625
-0.09375
0.265625
0.375
0.390625
0.125
0.53125
0.3125
0.78125
1.3125
1.01563
0.65625
0.640625
0.15625
1.15625
-0.3125
1.15625
0.4375
1.01562
-0.375
0.640625
-0.125
0.078125
0.0625
0.078125
-0.03125
0.03125
0.
0.578125
-0.15625
0.40625
-0.125
0.453125
-0.1875
0.203125
0.09375
0.28125
0.
0.203125
-0.0625
0.828125
1.09375
0.90625
0.875
0.703125
0.5625
0.453125
0.46875
0.40625
0.625
0.578125
0.9375
1.32812
0.21875
1.53125
-2.22045e-16
1.32812
-0.1875
0.953125
-0.15625
0.78125
-1.11022e-16
0.953125
0.1875
0.90625
-0.375
0.828125
-0.3125
0.703125
-0.28125
L_2 Error: < 1.0e-11
Residual:
Vec Object: 1 MPI processes
  type: seq
0.
0.
0.
0.
0.
0.
0.
0.
0.
0.
0.
0.
0.
0.
0.
0.
0.
0.
0.
0.
0.
0.
0.
0.
0.
0.
0.
0.
0.
0.
0.
0.
0.
0.
0.
0.
0.
0.
0.
0.
0.
0.
0.
0.
0.
0.
0.
0.
0.
0.
0.
0.
0.
0.
0.
0.
0.
0.
0.
0.
0.
0.
0.
0.
0.
0.
0.
0.
0.
0.
0.
0.
0.
0.
0.
0.
0.
0.
0.
0.
0.
0.
0.
0.
0.
0.
0.
0.
0.
0.
0.
0.
0.
0.
0.
0.
0.
0.
0.
0.
0.
0.
0.
0.
0.
0.
0.
0.
0.
0.
0.
0.
0.
0.
0.
0.
0.
0.
0.
0.
0.
0.
0.
0.
0.
0.
0.
0.
0.
0.
0.
0.
0.
0.
0.
0.
0.
0.
0.
0.
0.
0.
0.
0.
0.
0.
0.
0.
0.
0.
0.
0.
0.
0.
0.
0.
0.
0.
0.
0.
0.
0.
0.
0.
0.
0.
0.
0.
0.
0.
0.
0.
0.
0.
0.
0.
0.
0.
0.
0.
0.
0.
0.
0.
0.
0.
0.
Initial Residual
Vec Object: Residual, Iterate 0 1 MPI processes
  type: seq
0.
0.
0.
0.
0.
0.
0.
0.
0.
0.
0.
0.
0.
0.
0.
0.
0.
0.
0.
0.
0.
0.
0.
0.
0.
0.
0.
0.
0.
0.
0.
0.
0.
0.
0.
0.
0.
0.
0.
0.
0.
0.
0.
0.
0.
0.
0.
0.
0.
0.
0.
0.
0.
0.
0.
0.
0.
0.
0.
0.
0.
0.
0.
0.
0.
0.
0.
0.
0.
0.
0.
0.
0.
0.
0.
0.
0.
0.
0.
0.
0.
0.
0.
0.
0.
0.
0.
0.
0.
0.
0.
0.
0.
0.
0.
0.
0.
0.
0.
0.
0.
0.
0.
0.
0.
0.
0.
0.
0.
0.
0.
0.
0.
0.
0.
0.
0.
0.
0.
0.
0.
0.
0.
L_2 Residual: 0.
Residual:
Vec Object: 1 MPI processes
  type: seq
0.
0.
-0.00130208
0.
0.
-0.0872396
0.
0.
-0.0436198
0.
0.
-0.0488281
0.
0.
0.
0.
0.
0.246745
0.
0.
-0.0813802
0.
0.
-0.0898437
0.
0.
0.0638021
0.
0.
-0.0201823
0.0416667
0.0416667
-0.0175781
0.
0.
-0.0136719
0.541667
-0.125
-0.0410156
0.
0.
-0.111328
0.0833333
0.
-0.016276
0.0833333
0.166667
-0.0325521
0.541667
0.875
-0.0214844
0.
0.
0.205078
0.416667
0.333333
0.047526
0.
0.
-0.207031
1.04167
0.0416667
0.0384115
0.
0.
0.305339
0.
0.
0.0201823
0.416667
-0.166667
-0.0195313
0.
0.
-0.0742187
0.
0.
0.
0.
-0.125
-0.3125
-0.125
0.0625
0.
0.
0.
0.
0.0625
0.0625
-2.3125
0.354167
0.
0.
0.
0.
-0.270833
0.0625
0.0625
0.0625
-0.270833
-0.604167
0.0625
0.0625
0.0625
0.0625
-2.3125
-4.3125
0.
0.
0.
0.
-1.60417
-1.27083
0.0625
0.0625
0.
0.
0.
0.
-1.79167
0.6875
-1.79167
-0.9375
0.
0.
0.
0.
0.
0.
0.
0.
-1.60417
0.729167
0.0625
0.0625
0.
0.
0.
0.
-0.0208333
-0.104167
-0.0208333
0.0625
0.0208333
0.0208333
-0.6875
0.0625
-0.458333
0.0625
0.0625
0.0625
0.0625
0.0625
0.0625
0.0625
0.0625
0.0625
-1.35417
-1.9375
-1.45833
-1.60417
0.0625
0.0625
0.0625
0.0625
-0.458333
-0.979167
-0.6875
-1.4375
-2.02083
-0.604167
-4.64583
0.0208333
-2.02083
0.5625
0.0625
0.0625
0.0625
0.0625
0.0625
0.0625
-1.45833
0.6875
-1.35417
0.5625
0.0625
0.0625
Au - b = Au + F(0)
Vec Object: Residual, Iterate 0 1 MPI processes
  type: seq
0.
0.
0.
0.
0.
0.
0.
0.
0.
0.
0.
0.
0.
0.
0.
0.
0.
0.
0.
0.
0.
0.
0.
0.
0.
0.
0.
0.
0.
0.
0.
0.
0.
0.
0.
0.
0.
0.
0.
0.
0.
0.
0.
0.
0.
0.
0.
0.
0.
0.
0.
0.
0.
0.
0.
0.
0.
0.
0.
0.
0.
0.
0.
0.
0.
0.
0.
0.
0.
0.
0.
0.
0.
0.
0.
0.
0.
0.
0.
0.
0.
0.
0.
0.
0.
0.
0.
0.
0.
0.
0.
0.
0.
0.
0.
0.
0.
0.
0.
0.
0.
0.
0.
0.
0.
0.
0.
0.
0.
0.
0.
0.
0.
0.
0.
0.
0.
0.
0.
0.
0.
0.
0.
Linear L_2 Residual: 0.
