Vec Object: Initial guess 1 MPI processes
  type: seq
-1.
-0.5
0.
-0.5
0.5
0.
0.
0.5
0.
0.5
1.
L_2 Error: 0.157081
Residual:
Vec Object: 1 MPI processes
  type: seq
0.
0.
0.0208333
0.
0.
0.0208333
0.
0.
0.
0.
0.
0.0208333
0.
0.
0.
0.
0.
-0.0208333
0.
0.
0.
0.
0.
-0.0208333
0.
0.
-0.0208333
Initial Residual
Vec Object: Residual, Iterate 0 1 MPI processes
  type: seq
0.0208333
0.0208333
0.
0.0208333
0.
0.
0.
-0.0208333
0.
-0.0208333
-0.0208333
L_2 Residual: 0.051031
Residual:
Vec Object: 1 MPI processes
  type: seq
0.
0.
0.0208333
0.
0.
-0.0208333
0.
0.
0.0416667
0.
0.
-0.0625
-2.25
-0.25
0.
0.
0.
0.0625
0.
0.
-0.0416667
0.
0.
0.0208333
0.
0.
-0.0208333
Au - b = Au + F(0)
Vec Object: Residual, Iterate 0 1 MPI processes
  type: seq
0.0208333
0.0208333
0.
0.0208333
0.
0.
0.
-0.0208333
0.
-0.0208333
-0.0208333
Linear L_2 Residual: 0.051031
