L_2 Error: 0.0393544
Residual:
Vec Object: 2 MPI processes
  type: mpi
Process [0]
0.
0.
-0.00260417
-0.5
0.
-0.00260417
0.
0.
-0.00260417
0.
0.
-0.00260417
0.
0.
-0.00260417
0.
0.
-0.00260417
-0.5
0.25
-0.00260417
-0.5
-0.25
-0.00260417
0.
0.
-0.00260417
0.
0.
0.
0.
0.
0.
0.
0.
-0.00260417
0.
0.
-0.00260417
0.
0.
0.
0.
0.
-0.00260417
Process [1]
0.
0.
0.00260417
0.
0.
0.00260417
0.
0.
0.00260417
0.
0.
0.00260417
0.5
0.
0.00260417
0.
0.
0.00260417
0.
0.
0.00260417
0.
0.
0.
0.
0.
0.00260417
0.5
-0.25
0.00260417
0.
0.
0.00260417
0.
0.
0.
0.
0.
0.
0.5
0.25
0.00260417
0.
0.
0.00260417
Initial Residual
Vec Object: Residual, Iterate 0 2 MPI processes
  type: mpi
Process [0]
-0.00260417
-0.00260417
-0.00260417
-0.00260417
0.
0.
0.
0.
0.
0.
-0.00260417
-0.00260417
0.
0.
0.
-0.00260417
Process [1]
0.00260417
0.00260417
0.
0.00260417
0.
0.
0.
0.
0.00260417
0.
0.
0.
0.00260417
0.
0.
0.
0.00260417
0.
0.
0.
0.
0.
0.
0.
0.
0.
0.00260417
L_2 Residual: 0.0097439
Residual:
Vec Object: 2 MPI processes
  type: mpi
Process [0]
0.
0.
0.0234375
0.09375
0.09375
0.
0.
0.
0.127604
0.
0.
-0.0130208
0.
0.
-0.0364583
0.
0.
-0.00260417
-0.96875
0.46875
-0.0286458
-0.96875
-1.40625
0.0677083
0.
0.
0.0989583
-1.0625
-0.8125
0.127604
-2.9375
0.0625
0.122396
0.
0.
0.0911458
0.
0.
0.0442708
-1.0625
0.6875
-0.0494792
0.
0.
-0.0416667
Process [1]
0.
0.
0.00260417
0.
0.
-0.0260417
0.
0.
-0.0286458
0.
0.
-0.0234375
0.09375
0.09375
0.
0.
0.
-0.0234375
0.
0.
-0.00260417
0.0625
0.0625
-0.0390625
0.
0.
-0.0078125
-0.46875
0.09375
-0.046875
0.
0.
-0.0572917
-0.0625
0.1875
-0.0442708
-0.0625
-0.3125
-0.0755208
-0.46875
-1.03125
-0.0755208
0.
0.
-0.0833333
Au - b = Au + F(0)
Vec Object: Residual, Iterate 0 2 MPI processes
  type: mpi
Process [0]
-0.00260417
-0.00260417
-0.00260417
-0.00260417
0.
0.
0.
0.
0.
0.
-0.00260417
-0.00260417
0.
0.
0.
-0.00260417
Process [1]
0.00260417
0.00260417
0.
0.00260417
0.
0.
0.
0.
0.00260417
0.
0.
0.
0.00260417
0.
0.
0.
0.00260417
0.
0.
0.
0.
0.
0.
0.
0.
0.
0.00260417
Linear L_2 Residual: 0.0097439
