L_2 Error: 0.0655506
Residual:
Vec Object: 5 MPI processes
  type: mpi
Process [0]
0.
0.
0.
0.3125
0.270833
0.
0.
0.
0.
-0.1875
-0.0208333
0.0104167
0.416667
-0.333333
-0.0104167
Process [1]
0.
0.
-0.0104167
0.
0.
-0.0104167
0.
0.
0.
0.270833
-0.1875
0.
0.0208333
-0.145833
-0.0104167
0.354167
0.5625
0.
Process [2]
0.
0.
-0.0104167
0.
0.
-0.0104167
0.0208333
-0.333333
0.0104167
0.
0.
0.0104167
-0.520833
-0.729167
0.
Process [3]
-0.208333
0.104167
-0.0104167
0.
0.
-0.0104167
0.
0.
0.0104167
0.
0.
0.0104167
-0.395833
-0.479167
0.
Process [4]
-0.229167
0.3125
0.
0.
0.
0.0104167
0.
0.
0.0104167
-0.583333
0.166667
0.0104167
0.229167
0.3125
0.
Initial Residual
Vec Object: Residual, Iterate 0 5 MPI processes
  type: mpi
Process [0]
Process [1]
-0.0104167
0.
-0.166667
-0.166667
0.
Process [2]
-0.0208333
-0.0104167
-0.166667
-0.166667
0.
Process [3]
0.
0.0104167
Process [4]
0.166667
0.166667
0.
0.0104167
0.0208333
-0.166667
-0.166667
0.
-0.166667
-0.166667
0.
L_2 Residual: 0.52828
Residual:
Vec Object: 5 MPI processes
  type: mpi
Process [0]
0.
0.
-0.0729167
0.125
0.125
-0.0208333
0.
0.
-0.0520833
-0.0625
0.0625
-0.0104167
-0.625
0.125
-0.0625
Process [1]
0.
0.
-0.0208333
0.
0.
-0.0520833
0.
0.
-0.0104167
0.125
0.125
-0.0416667
-0.1875
-0.3125
-0.03125
-0.0625
-0.1875
-0.03125
Process [2]
0.
0.
-0.0729167
0.
0.
-0.0208333
0.0625
0.0625
0.09375
0.
0.
0.145833
-2.1875
-3.0625
0.0729167
Process [3]
0.0625
0.0625
0.0104167
0.
0.
0.104167
0.
0.
0.0104167
0.
0.
0.104167
-3.6875
-0.5625
0.114583
Process [4]
0.125
0.125
-0.0416667
0.
0.
-0.0104167
0.
0.
-0.0520833
-1.625
0.625
0.0208333
-0.5625
0.3125
-0.0729167
Au - b = Au + F(0)
Vec Object: Residual, Iterate 0 5 MPI processes
  type: mpi
Process [0]
Process [1]
-0.0104167
0.
-0.166667
-0.166667
0.
Process [2]
-0.0208333
-0.0104167
-0.166667
-0.166667
0.
Process [3]
0.
0.0104167
Process [4]
0.166667
0.166667
0.
0.0104167
0.0208333
-0.166667
-0.166667
0.
-0.166667
-0.166667
0.
Linear L_2 Residual: 0.52828
