L_2 Error: 0.157081
Residual:
Vec Object: 3 MPI processes
  type: mpi
Process [0]
0.
0.
0.0208333
0.0416667
0.541667
0.
0.
0.
0.
0.
0.
-0.0208333
Process [1]
0.
0.
-0.0208333
-0.75
-0.416667
0.
0.
0.
-0.0208333
0.
0.
0.
0.
0.
-0.0208333
Process [2]
0.
0.
0.0208333
0.
0.
0.0208333
0.
0.
0.0208333
0.
0.
0.
0.708333
-0.125
0.
Initial Residual
Vec Object: Residual, Iterate 0 3 MPI processes
  type: mpi
Process [0]
0.
Process [1]
-0.0208333
-0.0208333
-0.0208333
Process [2]
0.0208333
0.0208333
0.
0.0208333
0.
0.
0.
L_2 Residual: 0.051031
Residual:
Vec Object: 3 MPI processes
  type: mpi
Process [0]
0.
0.
-0.0208333
-0.5
0.5
-0.0416667
0.
0.
-0.0416667
0.
0.
-0.0208333
Process [1]
0.
0.
0.0208333
-1.625
-0.5
0.0833333
0.
0.
0.0625
0.
0.
0.0416667
0.
0.
-0.0208333
Process [2]
0.
0.
0.0208333
0.
0.
-0.0208333
0.
0.
0.0208333
0.
0.
-0.0416667
-0.125
-0.25
-0.0416667
Au - b = Au + F(0)
Vec Object: Residual, Iterate 0 3 MPI processes
  type: mpi
Process [0]
0.
Process [1]
-0.0208333
-0.0208333
-0.0208333
Process [2]
0.0208333
0.0208333
0.
0.0208333
0.
0.
0.
Linear L_2 Residual: 0.051031
