At (0.5, 0.5), u(1, 1) 0.0665703 error 0.00407033
At (0.5, 0.5), u(3, 3) 0.0617305 error 0.000769484
At (0.5, 0.5), u(5, 5) 0.0627605 error 0.000260453
At (0.5, 0.5), u(7, 7) 0.0623841 error 0.000115876
At (0.5, 0.5), u(9, 9) 0.062561 error 6.10486e-05
At (0.5, 0.5), u(11, 11) 0.0624641 error 3.58854e-05
At (0.5, 0.5), u(13, 13) 0.0625228 error 2.28308e-05
At (0.5, 0.5), u(15, 15) 0.0624846 error 1.53944e-05
At (0.5, 0.5), u(17, 17) 0.0625109 error 1.08633e-05
At (0.5, 0.5), u(19, 19) 0.0624921 error 7.94527e-06
At (0.5, 0.5), u(21, 21) 0.062506 error 5.98467e-06
At (0.5, 0.5), u(23, 23) 0.0624954 error 4.61835e-06
At (0.5, 0.5), u(25, 25) 0.0625036 error 3.63801e-06
At (0.5, 0.5), u(27, 27) 0.0624971 error 2.9162e-06
At (0.5, 0.5), u(29, 29) 0.0625024 error 2.37331e-06
At (0.5, 0.5), u(31, 31) 0.062498 error 1.95707e-06
At (0.5, 0.5), u(33, 33) 0.0625016 error 1.63272e-06
At (0.5, 0.5), u(35, 35) 0.0624986 error 1.37618e-06
At (0.5, 0.5), u(37, 37) 0.0625012 error 1.17068e-06
At (0.5, 0.5), u(39, 39) 0.062499 error 1.00411e-06
At (0.5, 0.5), u(41, 41) 0.0625009 error 8.6769e-07
(1, 1) error 0.00192715
(2, 2) error 0.00180124
(4, 4) error 0.000410277
(8, 8) error 7.9543e-05
(16, 16) error 1.44481e-05
(32, 32) error 2.57242e-06
(64, 64) error 4.55569e-07
(128, 128) error 8.05706e-08
At (0.5, 0.5), u(5, 1) 0.612523 error 0.112523
At (0.5, 0.5), u(5, 3) 0.456488 error 0.0435117
At (0.5, 0.5), u(5, 5) 0.52015 error 0.0201503
At (0.5, 0.5), u(5, 7) 0.489425 error 0.0105746
At (0.5, 0.5), u(5, 9) 0.506108 error 0.00610833
At (0.5, 0.5), u(5, 11) 0.496198 error 0.00380169
At (0.5, 0.5), u(5, 13) 0.502509 error 0.00250898
At (0.5, 0.5), u(5, 15) 0.498265 error 0.00173515
At (0.5, 0.5), u(5, 17) 0.501246 error 0.00124639
At (0.5, 0.5), u(5, 19) 0.499076 error 0.000923706
At (0.5, 0.5), u(5, 21) 0.500703 error 0.000702648
At (0.5, 0.5), u(5, 23) 0.499454 error 0.00054641
At (0.5, 0.5), u(5, 25) 0.500433 error 0.000433005
At (0.5, 0.5), u(5, 27) 0.499651 error 0.000348776
At (0.5, 0.5), u(5, 29) 0.500285 error 0.000284954
At (0.5, 0.5), u(5, 31) 0.499764 error 0.000235739
At (0.5, 0.5), u(5, 33) 0.500197 error 0.000197195
At (0.5, 0.5), u(5, 35) 0.499833 error 0.000166588
At (0.5, 0.5), u(5, 37) 0.500142 error 0.000141983
At (0.5, 0.5), u(5, 39) 0.499878 error 0.000121982
At (0.5, 0.5), u(5, 41) 0.500106 error 0.000105558
(1, 1) error 0.264588
(2, 2) error 0.105546
(4, 4) error 0.04551
(8, 8) error 0.0136054
(16, 16) error 0.00302557
(32, 32) error 0.000582608
(64, 64) error 0.000106344
(128, 128) error 1.90445e-05